
8월 30, 2022 11:12:55.160 NEW SESSION
8월 30, 2022 11:12:55.160 [300:1744:0830/111255.156:ERROR:device_event_log_impl.cc(214)] [11:12:55.156] USB: usb_device_handle_win.cc:1048 Failed to read descriptor from node connection: 시스템에 부착된 장치가 작동하지 않습니다. (0x1F)
8월 30, 2022 11:12:55.162 [300:1744:0830/111255.162:ERROR:device_event_log_impl.cc(214)] [11:12:55.162] USB: usb_device_handle_win.cc:1048 Failed to read descriptor from node connection: 시스템에 부착된 장치가 작동하지 않습니다. (0x1F)
8월 30, 2022 11:12:55.162 [300:1744:0830/111255.162:ERROR:device_event_log_impl.cc(214)] [11:12:55.162] USB: usb_device_handle_win.cc:1048 Failed to read descriptor from node connection: 시스템에 부착된 장치가 작동하지 않습니다. (0x1F)
8월 30, 2022 11:13:52.885 [300:9528:0830/111352.885:ERROR:util.cc(127)] Can't create base directory: C:\Program Files\Google\GoogleUpdater
8월 30, 2022 11:18:08.743 [8264:1972:0830/111808.743:ERROR:device_event_log_impl.cc(214)] [11:18:08.743] USB: usb_device_handle_win.cc:1048 Failed to read descriptor from node connection: 시스템에 부착된 장치가 작동하지 않습니다. (0x1F)
8월 30, 2022 11:18:08.749 [8264:1972:0830/111808.749:ERROR:device_event_log_impl.cc(214)] [11:18:08.748] USB: usb_device_handle_win.cc:1048 Failed to read descriptor from node connection: 시스템에 부착된 장치가 작동하지 않습니다. (0x1F)
8월 30, 2022 11:18:08.749 [8264:1972:0830/111808.749:ERROR:device_event_log_impl.cc(214)] [11:18:08.748] USB: usb_device_handle_win.cc:1048 Failed to read descriptor from node connection: 시스템에 부착된 장치가 작동하지 않습니다. (0x1F)
8월 30, 2022 11:19:06.634 [8264:6028:0830/111906.634:ERROR:util.cc(127)] Can't create base directory: C:\Program Files\Google\GoogleUpdater

8월 30, 2022 20:18:52.107 NEW SESSION
8월 30, 2022 20:18:52.107 [2072:12472:0830/201852.105:ERROR:device_event_log_impl.cc(214)] [20:18:52.105] USB: usb_device_handle_win.cc:1048 Failed to read descriptor from node connection: 시스템에 부착된 장치가 작동하지 않습니다. (0x1F)
8월 30, 2022 20:18:52.111 [2072:12472:0830/201852.111:ERROR:device_event_log_impl.cc(214)] [20:18:52.111] USB: usb_device_handle_win.cc:1048 Failed to read descriptor from node connection: 시스템에 부착된 장치가 작동하지 않습니다. (0x1F)
8월 30, 2022 20:18:52.112 [2072:12472:0830/201852.111:ERROR:device_event_log_impl.cc(214)] [20:18:52.111] USB: usb_device_handle_win.cc:1048 Failed to read descriptor from node connection: 시스템에 부착된 장치가 작동하지 않습니다. (0x1F)
8월 30, 2022 20:19:49.957 [2072:11952:0830/201949.957:ERROR:util.cc(127)] Can't create base directory: C:\Program Files\Google\GoogleUpdater

8월 31, 2022 08:23:09.215 NEW SESSION
8월 31, 2022 08:23:09.215 [10864:10088:0831/082309.212:ERROR:device_event_log_impl.cc(214)] [08:23:09.212] USB: usb_device_handle_win.cc:1048 Failed to read descriptor from node connection: 시스템에 부착된 장치가 작동하지 않습니다. (0x1F)
8월 31, 2022 08:23:09.219 [10864:10088:0831/082309.218:ERROR:device_event_log_impl.cc(214)] [08:23:09.218] USB: usb_device_handle_win.cc:1048 Failed to read descriptor from node connection: 시스템에 부착된 장치가 작동하지 않습니다. (0x1F)
8월 31, 2022 08:23:09.220 [10864:10088:0831/082309.219:ERROR:device_event_log_impl.cc(214)] [08:23:09.218] USB: usb_device_handle_win.cc:1048 Failed to read descriptor from node connection: 시스템에 부착된 장치가 작동하지 않습니다. (0x1F)
8월 31, 2022 08:24:06.978 [10864:9980:0831/082406.978:ERROR:util.cc(127)] Can't create base directory: C:\Program Files\Google\GoogleUpdater
8월 31, 2022 08:46:42.824 [8176:4164:0831/084642.824:ERROR:device_event_log_impl.cc(214)] [08:46:42.824] USB: usb_device_handle_win.cc:1048 Failed to read descriptor from node connection: 시스템에 부착된 장치가 작동하지 않습니다. (0x1F)
8월 31, 2022 08:46:42.828 [8176:4164:0831/084642.828:ERROR:device_event_log_impl.cc(214)] [08:46:42.828] USB: usb_device_handle_win.cc:1048 Failed to read descriptor from node connection: 시스템에 부착된 장치가 작동하지 않습니다. (0x1F)
8월 31, 2022 08:46:42.829 [8176:4164:0831/084642.828:ERROR:device_event_log_impl.cc(214)] [08:46:42.828] USB: usb_device_handle_win.cc:1048 Failed to read descriptor from node connection: 시스템에 부착된 장치가 작동하지 않습니다. (0x1F)
8월 31, 2022 08:47:40.303 [8176:3604:0831/084740.303:ERROR:util.cc(127)] Can't create base directory: C:\Program Files\Google\GoogleUpdater
8월 31, 2022 09:09:22.337 [8176:4164:0831/090922.337:ERROR:interface_endpoint_client.cc(665)] Message 0 rejected by interface blink.mojom.WidgetHost

9월 15, 2022 11:37:14.42 NEW SESSION
9월 15, 2022 11:37:14.42 [6016:13456:0915/113714.041:ERROR:device_event_log_impl.cc(214)] [11:37:14.041] USB: usb_device_handle_win.cc:1048 Failed to read descriptor from node connection: 시스템에 부착된 장치가 작동하지 않습니다. (0x1F)
9월 15, 2022 11:37:14.47 [6016:13456:0915/113714.047:ERROR:device_event_log_impl.cc(214)] [11:37:14.047] USB: usb_device_handle_win.cc:1048 Failed to read descriptor from node connection: 시스템에 부착된 장치가 작동하지 않습니다. (0x1F)
9월 15, 2022 11:37:14.49 [6016:13456:0915/113714.047:ERROR:device_event_log_impl.cc(214)] [11:37:14.047] USB: usb_device_handle_win.cc:1048 Failed to read descriptor from node connection: 시스템에 부착된 장치가 작동하지 않습니다. (0x1F)
9월 15, 2022 11:38:11.901 [6016:9868:0915/113811.901:ERROR:util.cc(129)] Can't create base directory: C:\Program Files\Google\GoogleUpdater

9월 15, 2022 11:39:58.696 NEW SESSION
9월 15, 2022 11:39:58.697 [9456:1852:0915/113958.695:ERROR:device_event_log_impl.cc(214)] [11:39:58.695] USB: usb_device_handle_win.cc:1048 Failed to read descriptor from node connection: 시스템에 부착된 장치가 작동하지 않습니다. (0x1F)
9월 15, 2022 11:39:58.702 [9456:1852:0915/113958.701:ERROR:device_event_log_impl.cc(214)] [11:39:58.701] USB: usb_device_handle_win.cc:1048 Failed to read descriptor from node connection: 시스템에 부착된 장치가 작동하지 않습니다. (0x1F)
9월 15, 2022 11:39:58.702 [9456:1852:0915/113958.701:ERROR:device_event_log_impl.cc(214)] [11:39:58.701] USB: usb_device_handle_win.cc:1048 Failed to read descriptor from node connection: 시스템에 부착된 장치가 작동하지 않습니다. (0x1F)
9월 15, 2022 11:40:56.572 [9456:9136:0915/114056.572:ERROR:util.cc(129)] Can't create base directory: C:\Program Files\Google\GoogleUpdater
9월 15, 2022 11:46:20.980 [9456:1852:0915/114620.980:ERROR:interface_endpoint_client.cc(689)] Message 0 rejected by interface blink.mojom.WidgetHost

9월 23, 2022 15:43:13.431 NEW SESSION
9월 23, 2022 15:43:13.431 [12516:10092:0923/154313.430:ERROR:device_event_log_impl.cc(214)] [15:43:13.420] USB: usb_device_handle_win.cc:1048 Failed to read descriptor from node connection: 시스템에 부착된 장치가 작동하지 않습니다. (0x1F)
9월 23, 2022 15:43:13.436 [12516:10092:0923/154313.436:ERROR:device_event_log_impl.cc(214)] [15:43:13.426] USB: usb_device_handle_win.cc:1048 Failed to read descriptor from node connection: 시스템에 부착된 장치가 작동하지 않습니다. (0x1F)
9월 23, 2022 15:43:13.436 [12516:10092:0923/154313.436:ERROR:device_event_log_impl.cc(214)] [15:43:13.426] USB: usb_device_handle_win.cc:1048 Failed to read descriptor from node connection: 시스템에 부착된 장치가 작동하지 않습니다. (0x1F)
9월 23, 2022 15:44:11.227 [12516:15544:0923/154411.227:ERROR:util.cc(129)] Can't create base directory: C:\Program Files\Google\GoogleUpdater

9월 28, 2022 15:57:53.396 NEW SESSION
9월 28, 2022 15:57:53.396 [8304:4120:0928/155753.395:ERROR:device_event_log_impl.cc(214)] [15:57:53.395] USB: usb_device_handle_win.cc:1048 Failed to read descriptor from node connection: 시스템에 부착된 장치가 작동하지 않습니다. (0x1F)
9월 28, 2022 15:57:53.401 [8304:4120:0928/155753.401:ERROR:device_event_log_impl.cc(214)] [15:57:53.401] USB: usb_device_handle_win.cc:1048 Failed to read descriptor from node connection: 시스템에 부착된 장치가 작동하지 않습니다. (0x1F)
9월 28, 2022 15:57:53.401 [8304:4120:0928/155753.401:ERROR:device_event_log_impl.cc(214)] [15:57:53.401] USB: usb_device_handle_win.cc:1048 Failed to read descriptor from node connection: 시스템에 부착된 장치가 작동하지 않습니다. (0x1F)

10월 01, 2022 16:29:32.823 NEW SESSION
10월 01, 2022 16:29:32.823 [9512:5792:1001/162932.823:ERROR:device_event_log_impl.cc(214)] [16:29:32.817] USB: usb_device_handle_win.cc:1048 Failed to read descriptor from node connection: 시스템에 부착된 장치가 작동하지 않습니다. (0x1F)
10월 01, 2022 16:29:32.823 [9512:5792:1001/162932.823:ERROR:device_event_log_impl.cc(214)] [16:29:32.824] USB: usb_device_handle_win.cc:1048 Failed to read descriptor from node connection: 시스템에 부착된 장치가 작동하지 않습니다. (0x1F)
10월 01, 2022 16:29:32.823 [9512:5792:1001/162932.823:ERROR:device_event_log_impl.cc(214)] [16:29:32.824] USB: usb_device_handle_win.cc:1048 Failed to read descriptor from node connection: 시스템에 부착된 장치가 작동하지 않습니다. (0x1F)
10월 01, 2022 16:30:30.554 [9512:7636:1001/163030.554:ERROR:util.cc(129)] Can't create base directory: C:\Program Files\Google\GoogleUpdater

10월 04, 2022 11:03:12.106 NEW SESSION
10월 04, 2022 11:03:12.106 [8940:1344:1004/110312.105:ERROR:device_event_log_impl.cc(214)] [11:03:12.105] USB: usb_device_handle_win.cc:1048 Failed to read descriptor from node connection: 시스템에 부착된 장치가 작동하지 않습니다. (0x1F)
10월 04, 2022 11:03:12.111 [8940:1344:1004/110312.111:ERROR:device_event_log_impl.cc(214)] [11:03:12.110] USB: usb_device_handle_win.cc:1048 Failed to read descriptor from node connection: 시스템에 부착된 장치가 작동하지 않습니다. (0x1F)
10월 04, 2022 11:03:12.111 [8940:1344:1004/110312.111:ERROR:device_event_log_impl.cc(214)] [11:03:12.110] USB: usb_device_handle_win.cc:1048 Failed to read descriptor from node connection: 시스템에 부착된 장치가 작동하지 않습니다. (0x1F)
10월 04, 2022 11:03:40.224 [10108:8888:1004/110340.224:ERROR:device_event_log_impl.cc(214)] [11:03:40.224] USB: usb_device_handle_win.cc:1048 Failed to read descriptor from node connection: 시스템에 부착된 장치가 작동하지 않습니다. (0x1F)
10월 04, 2022 11:03:40.229 [10108:8888:1004/110340.229:ERROR:device_event_log_impl.cc(214)] [11:03:40.230] USB: usb_device_handle_win.cc:1048 Failed to read descriptor from node connection: 시스템에 부착된 장치가 작동하지 않습니다. (0x1F)
10월 04, 2022 11:03:40.230 [10108:8888:1004/110340.229:ERROR:device_event_log_impl.cc(214)] [11:03:40.230] USB: usb_device_handle_win.cc:1048 Failed to read descriptor from node connection: 시스템에 부착된 장치가 작동하지 않습니다. (0x1F)
10월 04, 2022 11:03:56.239 [13848:1004:1004/110356.239:ERROR:device_event_log_impl.cc(214)] [11:03:56.239] USB: usb_device_handle_win.cc:1048 Failed to read descriptor from node connection: 시스템에 부착된 장치가 작동하지 않습니다. (0x1F)
10월 04, 2022 11:03:56.245 [13848:1004:1004/110356.245:ERROR:device_event_log_impl.cc(214)] [11:03:56.245] USB: usb_device_handle_win.cc:1048 Failed to read descriptor from node connection: 시스템에 부착된 장치가 작동하지 않습니다. (0x1F)
10월 04, 2022 11:03:56.245 [13848:1004:1004/110356.245:ERROR:device_event_log_impl.cc(214)] [11:03:56.245] USB: usb_device_handle_win.cc:1048 Failed to read descriptor from node connection: 시스템에 부착된 장치가 작동하지 않습니다. (0x1F)
10월 04, 2022 11:04:19.316 [14348:8752:1004/110419.315:ERROR:device_event_log_impl.cc(214)] [11:04:19.315] USB: usb_device_handle_win.cc:1048 Failed to read descriptor from node connection: 시스템에 부착된 장치가 작동하지 않습니다. (0x1F)
10월 04, 2022 11:04:19.321 [14348:8752:1004/110419.321:ERROR:device_event_log_impl.cc(214)] [11:04:19.321] USB: usb_device_handle_win.cc:1048 Failed to read descriptor from node connection: 시스템에 부착된 장치가 작동하지 않습니다. (0x1F)
10월 04, 2022 11:04:19.322 [14348:8752:1004/110419.321:ERROR:device_event_log_impl.cc(214)] [11:04:19.321] USB: usb_device_handle_win.cc:1048 Failed to read descriptor from node connection: 시스템에 부착된 장치가 작동하지 않습니다. (0x1F)
10월 04, 2022 11:05:07.391 [4608:4692:1004/110507.391:ERROR:device_event_log_impl.cc(214)] [11:05:07.391] USB: usb_device_handle_win.cc:1048 Failed to read descriptor from node connection: 시스템에 부착된 장치가 작동하지 않습니다. (0x1F)
10월 04, 2022 11:05:07.397 [4608:4692:1004/110507.397:ERROR:device_event_log_impl.cc(214)] [11:05:07.396] USB: usb_device_handle_win.cc:1048 Failed to read descriptor from node connection: 시스템에 부착된 장치가 작동하지 않습니다. (0x1F)
10월 04, 2022 11:05:07.397 [4608:4692:1004/110507.397:ERROR:device_event_log_impl.cc(214)] [11:05:07.397] USB: usb_device_handle_win.cc:1048 Failed to read descriptor from node connection: 시스템에 부착된 장치가 작동하지 않습니다. (0x1F)
10월 04, 2022 11:06:39.170 [6272:13996:1004/110639.170:ERROR:device_event_log_impl.cc(214)] [11:06:39.170] USB: usb_device_handle_win.cc:1048 Failed to read descriptor from node connection: 시스템에 부착된 장치가 작동하지 않습니다. (0x1F)
10월 04, 2022 11:06:39.176 [6272:13996:1004/110639.176:ERROR:device_event_log_impl.cc(214)] [11:06:39.176] USB: usb_device_handle_win.cc:1048 Failed to read descriptor from node connection: 시스템에 부착된 장치가 작동하지 않습니다. (0x1F)
10월 04, 2022 11:06:39.176 [6272:13996:1004/110639.176:ERROR:device_event_log_impl.cc(214)] [11:06:39.176] USB: usb_device_handle_win.cc:1048 Failed to read descriptor from node connection: 시스템에 부착된 장치가 작동하지 않습니다. (0x1F)
10월 04, 2022 11:07:58.122 [10708:6392:1004/110758.121:ERROR:device_event_log_impl.cc(214)] [11:07:58.121] USB: usb_device_handle_win.cc:1048 Failed to read descriptor from node connection: 시스템에 부착된 장치가 작동하지 않습니다. (0x1F)
10월 04, 2022 11:07:58.128 [10708:6392:1004/110758.128:ERROR:device_event_log_impl.cc(214)] [11:07:58.128] USB: usb_device_handle_win.cc:1048 Failed to read descriptor from node connection: 시스템에 부착된 장치가 작동하지 않습니다. (0x1F)
10월 04, 2022 11:07:58.128 [10708:6392:1004/110758.128:ERROR:device_event_log_impl.cc(214)] [11:07:58.128] USB: usb_device_handle_win.cc:1048 Failed to read descriptor from node connection: 시스템에 부착된 장치가 작동하지 않습니다. (0x1F)
10월 04, 2022 11:08:55.890 [10708:13328:1004/110855.889:ERROR:util.cc(129)] Can't create base directory: C:\Program Files\Google\GoogleUpdater
10월 04, 2022 11:10:28.265 [1696:14960:1004/111028.265:ERROR:device_event_log_impl.cc(214)] [11:10:28.265] USB: usb_device_handle_win.cc:1048 Failed to read descriptor from node connection: 시스템에 부착된 장치가 작동하지 않습니다. (0x1F)
10월 04, 2022 11:10:28.271 [1696:14960:1004/111028.271:ERROR:device_event_log_impl.cc(214)] [11:10:28.271] USB: usb_device_handle_win.cc:1048 Failed to read descriptor from node connection: 시스템에 부착된 장치가 작동하지 않습니다. (0x1F)
10월 04, 2022 11:10:28.272 [1696:14960:1004/111028.271:ERROR:device_event_log_impl.cc(214)] [11:10:28.271] USB: usb_device_handle_win.cc:1048 Failed to read descriptor from node connection: 시스템에 부착된 장치가 작동하지 않습니다. (0x1F)
10월 04, 2022 11:24:25.623 [5152:14368:1004/112425.623:ERROR:device_event_log_impl.cc(214)] [11:24:25.623] USB: usb_device_handle_win.cc:1048 Failed to read descriptor from node connection: 시스템에 부착된 장치가 작동하지 않습니다. (0x1F)
10월 04, 2022 11:24:25.629 [5152:14368:1004/112425.629:ERROR:device_event_log_impl.cc(214)] [11:24:25.629] USB: usb_device_handle_win.cc:1048 Failed to read descriptor from node connection: 시스템에 부착된 장치가 작동하지 않습니다. (0x1F)
10월 04, 2022 11:24:25.629 [5152:14368:1004/112425.629:ERROR:device_event_log_impl.cc(214)] [11:24:25.629] USB: usb_device_handle_win.cc:1048 Failed to read descriptor from node connection: 시스템에 부착된 장치가 작동하지 않습니다. (0x1F)
10월 04, 2022 11:25:29.931 [2900:6416:1004/112529.931:ERROR:device_event_log_impl.cc(214)] [11:25:29.930] USB: usb_device_handle_win.cc:1048 Failed to read descriptor from node connection: 시스템에 부착된 장치가 작동하지 않습니다. (0x1F)
10월 04, 2022 11:25:29.937 [2900:6416:1004/112529.936:ERROR:device_event_log_impl.cc(214)] [11:25:29.936] USB: usb_device_handle_win.cc:1048 Failed to read descriptor from node connection: 시스템에 부착된 장치가 작동하지 않습니다. (0x1F)
10월 04, 2022 11:25:29.937 [2900:6416:1004/112529.937:ERROR:device_event_log_impl.cc(214)] [11:25:29.936] USB: usb_device_handle_win.cc:1048 Failed to read descriptor from node connection: 시스템에 부착된 장치가 작동하지 않습니다. (0x1F)
10월 04, 2022 11:26:18.256 [3236:3328:1004/112618.256:ERROR:device_event_log_impl.cc(214)] [11:26:18.256] USB: usb_device_handle_win.cc:1048 Failed to read descriptor from node connection: 시스템에 부착된 장치가 작동하지 않습니다. (0x1F)
10월 04, 2022 11:26:18.262 [3236:3328:1004/112618.262:ERROR:device_event_log_impl.cc(214)] [11:26:18.261] USB: usb_device_handle_win.cc:1048 Failed to read descriptor from node connection: 시스템에 부착된 장치가 작동하지 않습니다. (0x1F)
10월 04, 2022 11:26:18.262 [3236:3328:1004/112618.262:ERROR:device_event_log_impl.cc(214)] [11:26:18.261] USB: usb_device_handle_win.cc:1048 Failed to read descriptor from node connection: 시스템에 부착된 장치가 작동하지 않습니다. (0x1F)
10월 04, 2022 11:26:31.25 [2472:8128:1004/112631.025:ERROR:device_event_log_impl.cc(214)] [11:26:31.026] USB: usb_device_handle_win.cc:1048 Failed to read descriptor from node connection: 시스템에 부착된 장치가 작동하지 않습니다. (0x1F)
10월 04, 2022 11:26:31.31 [2472:8128:1004/112631.031:ERROR:device_event_log_impl.cc(214)] [11:26:31.031] USB: usb_device_handle_win.cc:1048 Failed to read descriptor from node connection: 시스템에 부착된 장치가 작동하지 않습니다. (0x1F)
10월 04, 2022 11:26:31.32 [2472:8128:1004/112631.031:ERROR:device_event_log_impl.cc(214)] [11:26:31.031] USB: usb_device_handle_win.cc:1048 Failed to read descriptor from node connection: 시스템에 부착된 장치가 작동하지 않습니다. (0x1F)
10월 04, 2022 11:27:28.734 [2472:6460:1004/112728.734:ERROR:util.cc(129)] Can't create base directory: C:\Program Files\Google\GoogleUpdater
10월 04, 2022 11:28:42.278 [856:3448:1004/112842.278:ERROR:device_event_log_impl.cc(214)] [11:28:42.277] USB: usb_device_handle_win.cc:1048 Failed to read descriptor from node connection: 시스템에 부착된 장치가 작동하지 않습니다. (0x1F)
10월 04, 2022 11:28:42.283 [856:3448:1004/112842.283:ERROR:device_event_log_impl.cc(214)] [11:28:42.283] USB: usb_device_handle_win.cc:1048 Failed to read descriptor from node connection: 시스템에 부착된 장치가 작동하지 않습니다. (0x1F)
10월 04, 2022 11:28:42.284 [856:3448:1004/112842.283:ERROR:device_event_log_impl.cc(214)] [11:28:42.283] USB: usb_device_handle_win.cc:1048 Failed to read descriptor from node connection: 시스템에 부착된 장치가 작동하지 않습니다. (0x1F)
10월 04, 2022 11:29:40.141 [856:9932:1004/112940.140:ERROR:util.cc(129)] Can't create base directory: C:\Program Files\Google\GoogleUpdater
10월 04, 2022 11:30:47.154 [9896:14008:1004/113047.154:ERROR:device_event_log_impl.cc(214)] [11:30:47.153] USB: usb_device_handle_win.cc:1048 Failed to read descriptor from node connection: 시스템에 부착된 장치가 작동하지 않습니다. (0x1F)
10월 04, 2022 11:30:47.160 [9896:14008:1004/113047.160:ERROR:device_event_log_impl.cc(214)] [11:30:47.159] USB: usb_device_handle_win.cc:1048 Failed to read descriptor from node connection: 시스템에 부착된 장치가 작동하지 않습니다. (0x1F)
10월 04, 2022 11:30:47.160 [9896:14008:1004/113047.160:ERROR:device_event_log_impl.cc(214)] [11:30:47.159] USB: usb_device_handle_win.cc:1048 Failed to read descriptor from node connection: 시스템에 부착된 장치가 작동하지 않습니다. (0x1F)
10월 04, 2022 11:31:51.903 [10436:16092:1004/113151.903:ERROR:device_event_log_impl.cc(214)] [11:31:51.903] USB: usb_device_handle_win.cc:1048 Failed to read descriptor from node connection: 시스템에 부착된 장치가 작동하지 않습니다. (0x1F)
10월 04, 2022 11:31:51.909 [10436:16092:1004/113151.909:ERROR:device_event_log_impl.cc(214)] [11:31:51.909] USB: usb_device_handle_win.cc:1048 Failed to read descriptor from node connection: 시스템에 부착된 장치가 작동하지 않습니다. (0x1F)
10월 04, 2022 11:31:51.909 [10436:16092:1004/113151.909:ERROR:device_event_log_impl.cc(214)] [11:31:51.909] USB: usb_device_handle_win.cc:1048 Failed to read descriptor from node connection: 시스템에 부착된 장치가 작동하지 않습니다. (0x1F)
10월 04, 2022 11:32:49.655 [10436:16272:1004/113249.655:ERROR:util.cc(129)] Can't create base directory: C:\Program Files\Google\GoogleUpdater
10월 04, 2022 11:33:15.146 [5204:6476:1004/113315.146:ERROR:device_event_log_impl.cc(214)] [11:33:15.146] USB: usb_device_handle_win.cc:1048 Failed to read descriptor from node connection: 시스템에 부착된 장치가 작동하지 않습니다. (0x1F)
10월 04, 2022 11:33:15.152 [5204:6476:1004/113315.152:ERROR:device_event_log_impl.cc(214)] [11:33:15.151] USB: usb_device_handle_win.cc:1048 Failed to read descriptor from node connection: 시스템에 부착된 장치가 작동하지 않습니다. (0x1F)
10월 04, 2022 11:33:15.152 [5204:6476:1004/113315.152:ERROR:device_event_log_impl.cc(214)] [11:33:15.152] USB: usb_device_handle_win.cc:1048 Failed to read descriptor from node connection: 시스템에 부착된 장치가 작동하지 않습니다. (0x1F)
10월 04, 2022 11:33:52.649 [6812:14540:1004/113352.649:ERROR:device_event_log_impl.cc(214)] [11:33:52.649] USB: usb_device_handle_win.cc:1048 Failed to read descriptor from node connection: 시스템에 부착된 장치가 작동하지 않습니다. (0x1F)
10월 04, 2022 11:33:52.657 [6812:14540:1004/113352.656:ERROR:device_event_log_impl.cc(214)] [11:33:52.657] USB: usb_device_handle_win.cc:1048 Failed to read descriptor from node connection: 시스템에 부착된 장치가 작동하지 않습니다. (0x1F)
10월 04, 2022 11:33:52.657 [6812:14540:1004/113352.656:ERROR:device_event_log_impl.cc(214)] [11:33:52.657] USB: usb_device_handle_win.cc:1048 Failed to read descriptor from node connection: 시스템에 부착된 장치가 작동하지 않습니다. (0x1F)

10월 04, 2022 13:35:13.539 NEW SESSION
10월 04, 2022 13:35:13.539 [7180:1120:1004/133513.538:ERROR:device_event_log_impl.cc(214)] [13:35:13.537] USB: usb_device_handle_win.cc:1048 Failed to read descriptor from node connection: 시스템에 부착된 장치가 작동하지 않습니다. (0x1F)
10월 04, 2022 13:35:13.544 [7180:1120:1004/133513.544:ERROR:device_event_log_impl.cc(214)] [13:35:13.543] USB: usb_device_handle_win.cc:1048 Failed to read descriptor from node connection: 시스템에 부착된 장치가 작동하지 않습니다. (0x1F)
10월 04, 2022 13:35:13.544 [7180:1120:1004/133513.544:ERROR:device_event_log_impl.cc(214)] [13:35:13.543] USB: usb_device_handle_win.cc:1048 Failed to read descriptor from node connection: 시스템에 부착된 장치가 작동하지 않습니다. (0x1F)

10월 04, 2022 16:30:31.767 NEW SESSION
10월 04, 2022 16:30:31.767 [12468:7588:1004/163031.766:ERROR:device_event_log_impl.cc(214)] [16:30:31.766] USB: usb_device_handle_win.cc:1048 Failed to read descriptor from node connection: 시스템에 부착된 장치가 작동하지 않습니다. (0x1F)
10월 04, 2022 16:30:31.772 [12468:7588:1004/163031.772:ERROR:device_event_log_impl.cc(214)] [16:30:31.772] USB: usb_device_handle_win.cc:1048 Failed to read descriptor from node connection: 시스템에 부착된 장치가 작동하지 않습니다. (0x1F)
10월 04, 2022 16:30:31.772 [12468:7588:1004/163031.772:ERROR:device_event_log_impl.cc(214)] [16:30:31.772] USB: usb_device_handle_win.cc:1048 Failed to read descriptor from node connection: 시스템에 부착된 장치가 작동하지 않습니다. (0x1F)
10월 04, 2022 16:31:29.740 [12468:10652:1004/163129.740:ERROR:util.cc(129)] Can't create base directory: C:\Program Files\Google\GoogleUpdater
10월 04, 2022 16:36:13.906 [7928:9372:1004/163613.906:ERROR:device_event_log_impl.cc(214)] [16:36:13.905] USB: usb_device_handle_win.cc:1048 Failed to read descriptor from node connection: 시스템에 부착된 장치가 작동하지 않습니다. (0x1F)
10월 04, 2022 16:36:13.912 [7928:9372:1004/163613.912:ERROR:device_event_log_impl.cc(214)] [16:36:13.911] USB: usb_device_handle_win.cc:1048 Failed to read descriptor from node connection: 시스템에 부착된 장치가 작동하지 않습니다. (0x1F)
10월 04, 2022 16:36:13.913 [7928:9372:1004/163613.912:ERROR:device_event_log_impl.cc(214)] [16:36:13.911] USB: usb_device_handle_win.cc:1048 Failed to read descriptor from node connection: 시스템에 부착된 장치가 작동하지 않습니다. (0x1F)
10월 04, 2022 16:37:11.699 [7928:15832:1004/163711.699:ERROR:util.cc(129)] Can't create base directory: C:\Program Files\Google\GoogleUpdater

10월 04, 2022 19:33:05.785 NEW SESSION
10월 04, 2022 19:33:05.785 [6048:5304:1004/193305.783:ERROR:device_event_log_impl.cc(214)] [19:33:05.783] USB: usb_device_handle_win.cc:1048 Failed to read descriptor from node connection: 시스템에 부착된 장치가 작동하지 않습니다. (0x1F)
10월 04, 2022 19:33:05.789 [6048:5304:1004/193305.789:ERROR:device_event_log_impl.cc(214)] [19:33:05.788] USB: usb_device_handle_win.cc:1048 Failed to read descriptor from node connection: 시스템에 부착된 장치가 작동하지 않습니다. (0x1F)
10월 04, 2022 19:33:05.789 [6048:5304:1004/193305.789:ERROR:device_event_log_impl.cc(214)] [19:33:05.788] USB: usb_device_handle_win.cc:1048 Failed to read descriptor from node connection: 시스템에 부착된 장치가 작동하지 않습니다. (0x1F)
10월 04, 2022 19:34:03.439 [6048:13516:1004/193403.439:ERROR:util.cc(129)] Can't create base directory: C:\Program Files\Google\GoogleUpdater
10월 04, 2022 19:36:04.193 [6048:5304:1004/193604.193:ERROR:interface_endpoint_client.cc(689)] Message 0 rejected by interface blink.mojom.WidgetHost
10월 04, 2022 19:45:08.232 [6048:4688:1004/194508.232:ERROR:connection_factory_impl.cc(425)] Failed to connect to MCS endpoint with error -118
10월 04, 2022 19:48:31.802 [6048:4688:1004/194831.801:ERROR:connection_factory_impl.cc(425)] Failed to connect to MCS endpoint with error -105
10월 04, 2022 19:48:59.904 [6048:4688:1004/194859.904:ERROR:connection_factory_impl.cc(425)] Failed to connect to MCS endpoint with error -103
10월 04, 2022 19:49:01.961 [6048:4688:1004/194901.961:ERROR:connection_factory_impl.cc(425)] Failed to connect to MCS endpoint with error -105
10월 04, 2022 19:53:24.923 [6048:4688:1004/195324.923:ERROR:connection_factory_impl.cc(425)] Failed to connect to MCS endpoint with error -105
10월 04, 2022 19:53:35.394 [6048:4688:1004/195335.394:ERROR:connection_factory_impl.cc(425)] Failed to connect to MCS endpoint with error -105
10월 04, 2022 19:53:41.867 [6048:4688:1004/195341.867:ERROR:connection_factory_impl.cc(425)] Failed to connect to MCS endpoint with error -105
10월 04, 2022 19:54:42.944 [6048:4688:1004/195442.944:ERROR:connection_factory_impl.cc(425)] Failed to connect to MCS endpoint with error -105
10월 04, 2022 19:54:53.805 [6048:4688:1004/195453.805:ERROR:connection_factory_impl.cc(425)] Failed to connect to MCS endpoint with error -105
10월 04, 2022 19:55:00.373 [6048:4688:1004/195500.373:ERROR:connection_factory_impl.cc(425)] Failed to connect to MCS endpoint with error -105
10월 04, 2022 19:55:03.888 [6048:4688:1004/195503.888:ERROR:connection_factory_impl.cc(425)] Failed to connect to MCS endpoint with error -105
10월 04, 2022 19:56:39.512 [6048:4688:1004/195639.512:ERROR:connection_factory_impl.cc(425)] Failed to connect to MCS endpoint with error -105

10월 05, 2022 17:36:48.251 NEW SESSION
10월 05, 2022 17:36:48.251 [7668:7680:1005/173648.249:ERROR:device_event_log_impl.cc(214)] [17:36:48.249] USB: usb_device_handle_win.cc:1048 Failed to read descriptor from node connection: 시스템에 부착된 장치가 작동하지 않습니다. (0x1F)
10월 05, 2022 17:36:48.255 [7668:7680:1005/173648.254:ERROR:device_event_log_impl.cc(214)] [17:36:48.255] USB: usb_device_handle_win.cc:1048 Failed to read descriptor from node connection: 시스템에 부착된 장치가 작동하지 않습니다. (0x1F)
10월 05, 2022 17:36:48.255 [7668:7680:1005/173648.254:ERROR:device_event_log_impl.cc(214)] [17:36:48.255] USB: usb_device_handle_win.cc:1048 Failed to read descriptor from node connection: 시스템에 부착된 장치가 작동하지 않습니다. (0x1F)
10월 05, 2022 17:37:45.845 [7668:10340:1005/173745.845:ERROR:util.cc(129)] Can't create base directory: C:\Program Files\Google\GoogleUpdater
10월 05, 2022 17:43:42.906 [9148:10176:1005/174342.905:ERROR:device_event_log_impl.cc(214)] [17:43:42.905] USB: usb_device_handle_win.cc:1048 Failed to read descriptor from node connection: 시스템에 부착된 장치가 작동하지 않습니다. (0x1F)
10월 05, 2022 17:43:42.912 [9148:10176:1005/174342.911:ERROR:device_event_log_impl.cc(214)] [17:43:42.911] USB: usb_device_handle_win.cc:1048 Failed to read descriptor from node connection: 시스템에 부착된 장치가 작동하지 않습니다. (0x1F)
10월 05, 2022 17:43:42.912 [9148:10176:1005/174342.912:ERROR:device_event_log_impl.cc(214)] [17:43:42.911] USB: usb_device_handle_win.cc:1048 Failed to read descriptor from node connection: 시스템에 부착된 장치가 작동하지 않습니다. (0x1F)
10월 05, 2022 17:44:40.232 [9148:1240:1005/174440.231:ERROR:util.cc(129)] Can't create base directory: C:\Program Files\Google\GoogleUpdater

10월 07, 2022 13:48:28.413 NEW SESSION
10월 07, 2022 13:48:28.413 [7844:8536:1007/134828.410:ERROR:device_event_log_impl.cc(214)] [13:48:28.410] USB: usb_device_handle_win.cc:1048 Failed to read descriptor from node connection: 시스템에 부착된 장치가 작동하지 않습니다. (0x1F)
10월 07, 2022 13:48:28.416 [7844:8536:1007/134828.415:ERROR:device_event_log_impl.cc(214)] [13:48:28.415] USB: usb_device_handle_win.cc:1048 Failed to read descriptor from node connection: 시스템에 부착된 장치가 작동하지 않습니다. (0x1F)
10월 07, 2022 13:48:28.416 [7844:8536:1007/134828.415:ERROR:device_event_log_impl.cc(214)] [13:48:28.415] USB: usb_device_handle_win.cc:1048 Failed to read descriptor from node connection: 시스템에 부착된 장치가 작동하지 않습니다. (0x1F)
10월 07, 2022 13:49:26.84 [7844:10328:1007/134926.084:ERROR:util.cc(129)] Can't create base directory: C:\Program Files\Google\GoogleUpdater
10월 07, 2022 13:49:45.682 [724:1336:1007/134945.682:ERROR:device_event_log_impl.cc(214)] [13:49:45.682] USB: usb_device_handle_win.cc:1048 Failed to read descriptor from node connection: 시스템에 부착된 장치가 작동하지 않습니다. (0x1F)
10월 07, 2022 13:49:45.688 [724:1336:1007/134945.687:ERROR:device_event_log_impl.cc(214)] [13:49:45.688] USB: usb_device_handle_win.cc:1048 Failed to read descriptor from node connection: 시스템에 부착된 장치가 작동하지 않습니다. (0x1F)
10월 07, 2022 13:49:45.688 [724:1336:1007/134945.688:ERROR:device_event_log_impl.cc(214)] [13:49:45.688] USB: usb_device_handle_win.cc:1048 Failed to read descriptor from node connection: 시스템에 부착된 장치가 작동하지 않습니다. (0x1F)
10월 07, 2022 13:50:43.443 [724:8324:1007/135043.443:ERROR:util.cc(129)] Can't create base directory: C:\Program Files\Google\GoogleUpdater
10월 07, 2022 14:18:03.377 [724:1336:1007/141803.377:ERROR:device_event_log_impl.cc(214)] [14:18:03.373] USB: usb_service_win.cc:104 SetupDiGetDeviceProperty({{A45C254E-DF1C-4EFD-8020-67D146A850E0}, 6}) failed: 요소가 없습니다. (0x490)
10월 07, 2022 14:28:23.552 [724:1336:1007/142823.551:ERROR:interface_endpoint_client.cc(689)] Message 0 rejected by interface blink.mojom.WidgetHost
10월 07, 2022 14:32:29.764 [724:1336:1007/143229.764:ERROR:interface_endpoint_client.cc(689)] Message 0 rejected by interface blink.mojom.WidgetHost
10월 07, 2022 14:35:00.500 [724:1336:1007/143500.499:ERROR:interface_endpoint_client.cc(689)] Message 0 rejected by interface blink.mojom.WidgetHost

10월 07, 2022 16:11:06.434 NEW SESSION
10월 07, 2022 16:11:06.434 [2728:7948:1007/161106.433:ERROR:device_event_log_impl.cc(214)] [16:11:06.433] USB: usb_device_handle_win.cc:1048 Failed to read descriptor from node connection: 시스템에 부착된 장치가 작동하지 않습니다. (0x1F)
10월 07, 2022 16:11:06.439 [2728:7948:1007/161106.439:ERROR:device_event_log_impl.cc(214)] [16:11:06.439] USB: usb_device_handle_win.cc:1048 Failed to read descriptor from node connection: 시스템에 부착된 장치가 작동하지 않습니다. (0x1F)
10월 07, 2022 16:11:06.439 [2728:7948:1007/161106.439:ERROR:device_event_log_impl.cc(214)] [16:11:06.439] USB: usb_device_handle_win.cc:1048 Failed to read descriptor from node connection: 시스템에 부착된 장치가 작동하지 않습니다. (0x1F)
10월 07, 2022 16:12:04.337 [2728:500:1007/161204.336:ERROR:util.cc(129)] Can't create base directory: C:\Program Files\Google\GoogleUpdater
10월 07, 2022 16:12:30.514 [2728:7948:1007/161230.514:ERROR:device_event_log_impl.cc(214)] [16:12:30.481] USB: usb_service_win.cc:104 SetupDiGetDeviceProperty({{A45C254E-DF1C-4EFD-8020-67D146A850E0}, 6}) failed: 요소가 없습니다. (0x490)
10월 07, 2022 16:49:54.588 [11868:11532:1007/164954.588:ERROR:device_event_log_impl.cc(214)] [16:49:54.587] USB: usb_device_handle_win.cc:1048 Failed to read descriptor from node connection: 시스템에 부착된 장치가 작동하지 않습니다. (0x1F)
10월 07, 2022 16:49:54.594 [11868:11532:1007/164954.594:ERROR:device_event_log_impl.cc(214)] [16:49:54.593] USB: usb_device_handle_win.cc:1048 Failed to read descriptor from node connection: 시스템에 부착된 장치가 작동하지 않습니다. (0x1F)
10월 07, 2022 16:49:54.594 [11868:11532:1007/164954.594:ERROR:device_event_log_impl.cc(214)] [16:49:54.593] USB: usb_device_handle_win.cc:1048 Failed to read descriptor from node connection: 시스템에 부착된 장치가 작동하지 않습니다. (0x1F)

10월 07, 2022 18:01:33.221 NEW SESSION
10월 07, 2022 18:01:33.222 [4508:11796:1007/180133.219:ERROR:device_event_log_impl.cc(214)] [18:01:33.220] USB: usb_device_handle_win.cc:1048 Failed to read descriptor from node connection: 시스템에 부착된 장치가 작동하지 않습니다. (0x1F)
10월 07, 2022 18:01:33.222 [4508:11796:1007/180133.220:ERROR:device_event_log_impl.cc(214)] [18:01:33.220] USB: usb_device_handle_win.cc:1048 Failed to read descriptor from node connection: 시스템에 부착된 장치가 작동하지 않습니다. (0x1F)
10월 07, 2022 18:02:30.906 [4508:10580:1007/180230.906:ERROR:util.cc(129)] Can't create base directory: C:\Program Files\Google\GoogleUpdater
10월 07, 2022 18:16:53.376 [4508:11796:1007/181653.375:ERROR:device_event_log_impl.cc(214)] [18:16:53.373] USB: usb_service_win.cc:104 SetupDiGetDeviceProperty({{A45C254E-DF1C-4EFD-8020-67D146A850E0}, 6}) failed: 요소가 없습니다. (0x490)
10월 07, 2022 18:16:53.412 [4508:11796:1007/181653.411:ERROR:device_event_log_impl.cc(214)] [18:16:53.410] USB: usb_service_win.cc:307 SetupDiEnumDeviceInterfaces: 사용 가능한 데이터가 없습니다. (0x103)
10월 07, 2022 18:38:47.239 [4600:3660:1007/183847.239:ERROR:device_event_log_impl.cc(214)] [18:38:47.239] USB: usb_device_handle_win.cc:1048 Failed to read descriptor from node connection: 시스템에 부착된 장치가 작동하지 않습니다. (0x1F)
10월 07, 2022 18:38:47.245 [4600:3660:1007/183847.245:ERROR:device_event_log_impl.cc(214)] [18:38:47.245] USB: usb_device_handle_win.cc:1048 Failed to read descriptor from node connection: 시스템에 부착된 장치가 작동하지 않습니다. (0x1F)
10월 07, 2022 18:38:47.245 [4600:3660:1007/183847.245:ERROR:device_event_log_impl.cc(214)] [18:38:47.245] USB: usb_device_handle_win.cc:1048 Failed to read descriptor from node connection: 시스템에 부착된 장치가 작동하지 않습니다. (0x1F)
10월 07, 2022 18:39:44.960 [4600:7124:1007/183944.960:ERROR:util.cc(129)] Can't create base directory: C:\Program Files\Google\GoogleUpdater
10월 07, 2022 19:21:24.990 [4600:10436:1007/192124.990:ERROR:connection_factory_impl.cc(425)] Failed to connect to MCS endpoint with error -106

10월 07, 2022 22:24:23.934 NEW SESSION
10월 07, 2022 22:24:23.934 [9096:8872:1007/222423.932:ERROR:device_event_log_impl.cc(214)] [22:24:23.932] USB: usb_device_handle_win.cc:1048 Failed to read descriptor from node connection: 시스템에 부착된 장치가 작동하지 않습니다. (0x1F)
10월 07, 2022 22:24:23.941 [9096:8872:1007/222423.941:ERROR:device_event_log_impl.cc(214)] [22:24:23.940] USB: usb_device_handle_win.cc:1048 Failed to read descriptor from node connection: 시스템에 부착된 장치가 작동하지 않습니다. (0x1F)
10월 07, 2022 22:24:23.941 [9096:8872:1007/222423.941:ERROR:device_event_log_impl.cc(214)] [22:24:23.940] USB: usb_device_handle_win.cc:1048 Failed to read descriptor from node connection: 시스템에 부착된 장치가 작동하지 않습니다. (0x1F)
10월 07, 2022 22:25:21.585 [9096:14180:1007/222521.585:ERROR:util.cc(129)] Can't create base directory: C:\Program Files\Google\GoogleUpdater
10월 07, 2022 22:43:38.96 [9096:8872:1007/224338.095:ERROR:interface_endpoint_client.cc(689)] Message 0 rejected by interface blink.mojom.WidgetHost
10월 07, 2022 22:48:48.980 [9096:8872:1007/224848.980:ERROR:CONSOLE(1)] "Request Runtime.evaluate failed. {"code":-32602,"message":"uniqueContextId not found"}", source: devtools://devtools/bundled/devtools-frontend/front_end/core/protocol_client/protocol_client.js (1)
10월 07, 2022 22:48:48.981 [9096:8872:1007/224848.981:ERROR:CONSOLE(1)] "uniqueContextId not found", source: devtools://devtools/bundled/devtools-frontend/front_end/core/sdk/sdk.js (1)
10월 07, 2022 22:48:48.982 [9096:8872:1007/224848.981:ERROR:CONSOLE(1)] "Extension server error: Inspector protocol error: uniqueContextId not found", source: devtools://devtools/bundled/devtools-frontend/front_end/models/extensions/extensions.js (1)

10월 07, 2022 23:28:28.703 NEW SESSION
10월 07, 2022 23:28:28.703 [3752:7996:1007/232828.702:ERROR:device_event_log_impl.cc(214)] [23:28:28.702] USB: usb_device_handle_win.cc:1048 Failed to read descriptor from node connection: 시스템에 부착된 장치가 작동하지 않습니다. (0x1F)
10월 07, 2022 23:28:28.710 [3752:7996:1007/232828.710:ERROR:device_event_log_impl.cc(214)] [23:28:28.710] USB: usb_device_handle_win.cc:1048 Failed to read descriptor from node connection: 시스템에 부착된 장치가 작동하지 않습니다. (0x1F)
10월 07, 2022 23:28:28.711 [3752:7996:1007/232828.710:ERROR:device_event_log_impl.cc(214)] [23:28:28.710] USB: usb_device_handle_win.cc:1048 Failed to read descriptor from node connection: 시스템에 부착된 장치가 작동하지 않습니다. (0x1F)
10월 07, 2022 23:29:26.332 [3752:13076:1007/232926.332:ERROR:util.cc(129)] Can't create base directory: C:\Program Files\Google\GoogleUpdater

10월 10, 2022 14:52:35.303 NEW SESSION
10월 10, 2022 14:52:35.303 [7720:920:1010/145235.301:ERROR:device_event_log_impl.cc(214)] [14:52:35.301] USB: usb_device_handle_win.cc:1048 Failed to read descriptor from node connection: 시스템에 부착된 장치가 작동하지 않습니다. (0x1F)
10월 10, 2022 14:52:35.310 [7720:920:1010/145235.309:ERROR:device_event_log_impl.cc(214)] [14:52:35.309] USB: usb_device_handle_win.cc:1048 Failed to read descriptor from node connection: 시스템에 부착된 장치가 작동하지 않습니다. (0x1F)
10월 10, 2022 14:52:35.310 [7720:920:1010/145235.309:ERROR:device_event_log_impl.cc(214)] [14:52:35.309] USB: usb_device_handle_win.cc:1048 Failed to read descriptor from node connection: 시스템에 부착된 장치가 작동하지 않습니다. (0x1F)
10월 10, 2022 14:53:33.139 [7720:8668:1010/145333.138:ERROR:util.cc(129)] Can't create base directory: C:\Program Files\Google\GoogleUpdater

10월 10, 2022 16:58:19.92 NEW SESSION
10월 10, 2022 16:58:19.92 [8784:1532:1010/165819.091:ERROR:device_event_log_impl.cc(214)] [16:58:19.091] USB: usb_device_handle_win.cc:1048 Failed to read descriptor from node connection: 시스템에 부착된 장치가 작동하지 않습니다. (0x1F)
10월 10, 2022 16:58:19.100 [8784:1532:1010/165819.099:ERROR:device_event_log_impl.cc(214)] [16:58:19.099] USB: usb_device_handle_win.cc:1048 Failed to read descriptor from node connection: 시스템에 부착된 장치가 작동하지 않습니다. (0x1F)
10월 10, 2022 16:58:19.100 [8784:1532:1010/165819.099:ERROR:device_event_log_impl.cc(214)] [16:58:19.100] USB: usb_device_handle_win.cc:1048 Failed to read descriptor from node connection: 시스템에 부착된 장치가 작동하지 않습니다. (0x1F)
10월 10, 2022 16:59:17.03 [8784:9708:1010/165917.003:ERROR:util.cc(129)] Can't create base directory: C:\Program Files\Google\GoogleUpdater

10월 10, 2022 19:27:39.332 NEW SESSION
10월 10, 2022 19:27:39.332 [11136:11832:1010/192739.331:ERROR:device_event_log_impl.cc(214)] [19:27:39.331] USB: usb_device_handle_win.cc:1048 Failed to read descriptor from node connection: 시스템에 부착된 장치가 작동하지 않습니다. (0x1F)
10월 10, 2022 19:27:39.340 [11136:11832:1010/192739.340:ERROR:device_event_log_impl.cc(214)] [19:27:39.340] USB: usb_device_handle_win.cc:1048 Failed to read descriptor from node connection: 시스템에 부착된 장치가 작동하지 않습니다. (0x1F)
10월 10, 2022 19:27:39.340 [11136:11832:1010/192739.340:ERROR:device_event_log_impl.cc(214)] [19:27:39.340] USB: usb_device_handle_win.cc:1048 Failed to read descriptor from node connection: 시스템에 부착된 장치가 작동하지 않습니다. (0x1F)
10월 10, 2022 19:28:37.02 [11136:6292:1010/192837.002:ERROR:util.cc(129)] Can't create base directory: C:\Program Files\Google\GoogleUpdater
10월 10, 2022 19:42:39.122 [11136:11832:1010/194239.122:ERROR:interface_endpoint_client.cc(689)] Message 0 rejected by interface blink.mojom.WidgetHost
10월 10, 2022 19:59:41.390 [11136:11832:1010/195941.390:ERROR:device_event_log_impl.cc(214)] [19:59:41.389] USB: usb_service_win.cc:104 SetupDiGetDeviceProperty({{A45C254E-DF1C-4EFD-8020-67D146A850E0}, 6}) failed: 요소가 없습니다. (0x490)

10월 10, 2022 20:08:55.195 NEW SESSION
10월 10, 2022 20:08:55.195 [1108:1320:1010/200855.194:ERROR:device_event_log_impl.cc(214)] [20:08:55.194] USB: usb_device_handle_win.cc:1048 Failed to read descriptor from node connection: 시스템에 부착된 장치가 작동하지 않습니다. (0x1F)
10월 10, 2022 20:08:55.201 [1108:1320:1010/200855.201:ERROR:device_event_log_impl.cc(214)] [20:08:55.201] USB: usb_device_handle_win.cc:1048 Failed to read descriptor from node connection: 시스템에 부착된 장치가 작동하지 않습니다. (0x1F)
10월 10, 2022 20:08:55.202 [1108:1320:1010/200855.201:ERROR:device_event_log_impl.cc(214)] [20:08:55.201] USB: usb_device_handle_win.cc:1048 Failed to read descriptor from node connection: 시스템에 부착된 장치가 작동하지 않습니다. (0x1F)
10월 10, 2022 20:09:52.932 [1108:11588:1010/200952.932:ERROR:util.cc(129)] Can't create base directory: C:\Program Files\Google\GoogleUpdater
10월 10, 2022 20:36:57.58 [1108:1320:1010/203657.058:ERROR:interface_endpoint_client.cc(689)] Message 0 rejected by interface blink.mojom.WidgetHost
10월 10, 2022 21:05:37.854 [1108:2296:1010/210537.853:ERROR:cert_verify_proc_builtin.cc(700)] CertVerifyProcBuiltin for e2c4.gcp.gvt2.com failed:
10월 10, 2022 21:05:37.854 ----- Certificate i=0 (CN=*.gcp.gvt2.com) -----
10월 10, 2022 21:05:37.854 ERROR: Time is after notAfter
10월 10, 2022 21:05:37.854 
10월 10, 2022 21:05:37.854 
10월 10, 2022 21:10:37.337 [1108:8832:1010/211037.336:ERROR:cert_verify_proc_builtin.cc(700)] CertVerifyProcBuiltin for beacons.gcp.gvt2.com failed:
10월 10, 2022 21:10:37.337 ----- Certificate i=0 (CN=*.gcp.gvt2.com) -----
10월 10, 2022 21:10:37.337 ERROR: Time is after notAfter
10월 10, 2022 21:10:37.337 
10월 10, 2022 21:10:37.337 

10월 10, 2022 23:18:00.131 NEW SESSION
10월 10, 2022 23:18:00.131 [5924:12248:1010/231800.130:ERROR:device_event_log_impl.cc(214)] [23:18:00.131] USB: usb_device_handle_win.cc:1048 Failed to read descriptor from node connection: 시스템에 부착된 장치가 작동하지 않습니다. (0x1F)
10월 10, 2022 23:18:00.138 [5924:12248:1010/231800.138:ERROR:device_event_log_impl.cc(214)] [23:18:00.139] USB: usb_device_handle_win.cc:1048 Failed to read descriptor from node connection: 시스템에 부착된 장치가 작동하지 않습니다. (0x1F)
10월 10, 2022 23:18:00.139 [5924:12248:1010/231800.139:ERROR:device_event_log_impl.cc(214)] [23:18:00.139] USB: usb_device_handle_win.cc:1048 Failed to read descriptor from node connection: 시스템에 부착된 장치가 작동하지 않습니다. (0x1F)
10월 10, 2022 23:18:57.782 [5924:14476:1010/231857.782:ERROR:util.cc(129)] Can't create base directory: C:\Program Files\Google\GoogleUpdater

10월 11, 2022 08:43:45.592 NEW SESSION
10월 11, 2022 08:43:45.592 [6620:1452:1011/084345.590:ERROR:device_event_log_impl.cc(214)] [08:43:45.591] USB: usb_device_handle_win.cc:1048 Failed to read descriptor from node connection: 시스템에 부착된 장치가 작동하지 않습니다. (0x1F)
10월 11, 2022 08:43:45.596 [6620:1452:1011/084345.596:ERROR:device_event_log_impl.cc(214)] [08:43:45.596] USB: usb_device_handle_win.cc:1048 Failed to read descriptor from node connection: 시스템에 부착된 장치가 작동하지 않습니다. (0x1F)
10월 11, 2022 08:43:45.597 [6620:1452:1011/084345.596:ERROR:device_event_log_impl.cc(214)] [08:43:45.596] USB: usb_device_handle_win.cc:1048 Failed to read descriptor from node connection: 시스템에 부착된 장치가 작동하지 않습니다. (0x1F)
10월 11, 2022 08:44:54.850 [6620:6180:1011/084454.850:ERROR:util.cc(129)] Can't create base directory: C:\Program Files\Google\GoogleUpdater
10월 11, 2022 08:45:00.51 [6620:11704:1011/084500.051:ERROR:connection_factory_impl.cc(425)] Failed to connect to MCS endpoint with error -118
10월 11, 2022 08:46:38.569 [6620:6344:1011/084638.568:ERROR:cert_verify_proc_builtin.cc(700)] CertVerifyProcBuiltin for e2c40.gcp.gvt2.com failed:
10월 11, 2022 08:46:38.569 ----- Certificate i=0 (CN=*.gcp.gvt2.com) -----
10월 11, 2022 08:46:38.570 ERROR: Time is after notAfter
10월 11, 2022 08:46:38.570 
10월 11, 2022 08:46:38.570 
10월 11, 2022 08:46:38.572 [6620:5952:1011/084638.568:ERROR:cert_verify_proc_builtin.cc(700)] CertVerifyProcBuiltin for e2c18.gcp.gvt2.com failed:
10월 11, 2022 08:46:38.573 ----- Certificate i=0 (CN=*.gcp.gvt2.com) -----
10월 11, 2022 08:46:38.573 ERROR: Time is after notAfter
10월 11, 2022 08:46:38.573 
10월 11, 2022 08:46:38.574 
10월 11, 2022 08:48:47.703 [6620:6344:1011/084847.702:ERROR:cert_verify_proc_builtin.cc(700)] CertVerifyProcBuiltin for e2c11.gcp.gvt2.com failed:
10월 11, 2022 08:48:47.704 ----- Certificate i=0 (CN=*.gcp.gvt2.com) -----
10월 11, 2022 08:48:47.704 ERROR: Time is after notAfter
10월 11, 2022 08:48:47.704 
10월 11, 2022 08:48:47.704 
10월 11, 2022 09:22:30.845 [6620:5624:1011/092230.837:ERROR:cert_verify_proc_builtin.cc(700)] CertVerifyProcBuiltin for e2c53.gcp.gvt2.com failed:
10월 11, 2022 09:22:30.845 ----- Certificate i=0 (CN=*.gcp.gvt2.com) -----
10월 11, 2022 09:22:30.845 ERROR: Time is after notAfter
10월 11, 2022 09:22:30.845 
10월 11, 2022 09:22:30.845 

10월 18, 2022 08:56:12.71 NEW SESSION
10월 18, 2022 08:56:12.71 [7696:12228:1018/085612.070:ERROR:device_event_log_impl.cc(214)] [08:56:12.069] USB: usb_device_handle_win.cc:1048 Failed to read descriptor from node connection: 시스템에 부착된 장치가 작동하지 않습니다. (0x1F)
10월 18, 2022 08:56:12.76 [7696:12228:1018/085612.076:ERROR:device_event_log_impl.cc(214)] [08:56:12.075] USB: usb_device_handle_win.cc:1048 Failed to read descriptor from node connection: 시스템에 부착된 장치가 작동하지 않습니다. (0x1F)
10월 18, 2022 08:56:12.76 [7696:12228:1018/085612.076:ERROR:device_event_log_impl.cc(214)] [08:56:12.075] USB: usb_device_handle_win.cc:1048 Failed to read descriptor from node connection: 시스템에 부착된 장치가 작동하지 않습니다. (0x1F)
10월 18, 2022 08:57:09.768 [7696:7380:1018/085709.768:ERROR:util.cc(129)] Can't create base directory: C:\Program Files\Google\GoogleUpdater
10월 18, 2022 08:57:13.96 [7696:12128:1018/085713.096:ERROR:cert_verify_proc_builtin.cc(670)] CertVerifyProcBuiltin for e2c41.gcp.gvt2.com failed:
10월 18, 2022 08:57:13.97 ----- Certificate i=0 (CN=*.gcp.gvt2.com) -----
10월 18, 2022 08:57:13.97 ERROR: Time is after notAfter
10월 18, 2022 08:57:13.97 
10월 18, 2022 08:57:13.97 

10월 20, 2022 23:23:37.841 NEW SESSION
10월 20, 2022 23:23:37.841 [15400:15928:1020/232337.840:ERROR:device_event_log_impl.cc(214)] [23:23:37.840] USB: usb_device_handle_win.cc:1048 Failed to read descriptor from node connection: 시스템에 부착된 장치가 작동하지 않습니다. (0x1F)
10월 20, 2022 23:23:37.848 [15400:15928:1020/232337.848:ERROR:device_event_log_impl.cc(214)] [23:23:37.847] USB: usb_device_handle_win.cc:1048 Failed to read descriptor from node connection: 시스템에 부착된 장치가 작동하지 않습니다. (0x1F)
10월 20, 2022 23:23:37.848 [15400:15928:1020/232337.848:ERROR:device_event_log_impl.cc(214)] [23:23:37.847] USB: usb_device_handle_win.cc:1048 Failed to read descriptor from node connection: 시스템에 부착된 장치가 작동하지 않습니다. (0x1F)
10월 20, 2022 23:24:35.647 [15400:17268:1020/232435.647:ERROR:util.cc(129)] Can't create base directory: C:\Program Files\Google\GoogleUpdater
10월 21, 2022 24:15:17.347 [6108:1352:1021/001517.346:ERROR:device_event_log_impl.cc(214)] [00:15:17.347] USB: usb_device_handle_win.cc:1048 Failed to read descriptor from node connection: 시스템에 부착된 장치가 작동하지 않습니다. (0x1F)
10월 21, 2022 24:15:17.354 [6108:1352:1021/001517.354:ERROR:device_event_log_impl.cc(214)] [00:15:17.354] USB: usb_device_handle_win.cc:1048 Failed to read descriptor from node connection: 시스템에 부착된 장치가 작동하지 않습니다. (0x1F)
10월 21, 2022 24:15:17.355 [6108:1352:1021/001517.354:ERROR:device_event_log_impl.cc(214)] [00:15:17.355] USB: usb_device_handle_win.cc:1048 Failed to read descriptor from node connection: 시스템에 부착된 장치가 작동하지 않습니다. (0x1F)
10월 21, 2022 24:16:15.203 [6108:1712:1021/001615.203:ERROR:util.cc(129)] Can't create base directory: C:\Program Files\Google\GoogleUpdater
10월 21, 2022 24:30:58.40 [13052:17232:1021/003058.039:ERROR:device_event_log_impl.cc(214)] [00:30:58.039] USB: usb_device_handle_win.cc:1048 Failed to read descriptor from node connection: 시스템에 부착된 장치가 작동하지 않습니다. (0x1F)
10월 21, 2022 24:30:58.48 [13052:17232:1021/003058.048:ERROR:device_event_log_impl.cc(214)] [00:30:58.048] USB: usb_device_handle_win.cc:1048 Failed to read descriptor from node connection: 시스템에 부착된 장치가 작동하지 않습니다. (0x1F)
10월 21, 2022 24:30:58.48 [13052:17232:1021/003058.048:ERROR:device_event_log_impl.cc(214)] [00:30:58.048] USB: usb_device_handle_win.cc:1048 Failed to read descriptor from node connection: 시스템에 부착된 장치가 작동하지 않습니다. (0x1F)
10월 21, 2022 24:31:55.978 [13052:8608:1021/003155.978:ERROR:util.cc(129)] Can't create base directory: C:\Program Files\Google\GoogleUpdater
10월 21, 2022 24:44:52.193 [6652:6088:1021/004452.193:ERROR:device_event_log_impl.cc(214)] [00:44:52.193] USB: usb_device_handle_win.cc:1048 Failed to read descriptor from node connection: 시스템에 부착된 장치가 작동하지 않습니다. (0x1F)
10월 21, 2022 24:44:52.247 [6652:6088:1021/004452.247:ERROR:device_event_log_impl.cc(214)] [00:44:52.247] USB: usb_device_handle_win.cc:1048 Failed to read descriptor from node connection: 시스템에 부착된 장치가 작동하지 않습니다. (0x1F)
10월 21, 2022 24:44:52.247 [6652:6088:1021/004452.247:ERROR:device_event_log_impl.cc(214)] [00:44:52.247] USB: usb_device_handle_win.cc:1048 Failed to read descriptor from node connection: 시스템에 부착된 장치가 작동하지 않습니다. (0x1F)
10월 21, 2022 24:45:10.995 [11272:15020:1021/004510.995:ERROR:device_event_log_impl.cc(214)] [00:45:10.995] USB: usb_device_handle_win.cc:1048 Failed to read descriptor from node connection: 시스템에 부착된 장치가 작동하지 않습니다. (0x1F)
10월 21, 2022 24:45:11.03 [11272:15020:1021/004511.002:ERROR:device_event_log_impl.cc(214)] [00:45:11.002] USB: usb_device_handle_win.cc:1048 Failed to read descriptor from node connection: 시스템에 부착된 장치가 작동하지 않습니다. (0x1F)
10월 21, 2022 24:45:11.03 [11272:15020:1021/004511.003:ERROR:device_event_log_impl.cc(214)] [00:45:11.002] USB: usb_device_handle_win.cc:1048 Failed to read descriptor from node connection: 시스템에 부착된 장치가 작동하지 않습니다. (0x1F)
10월 21, 2022 24:45:50.328 [9424:2684:1021/004550.328:ERROR:device_event_log_impl.cc(214)] [00:45:50.329] USB: usb_device_handle_win.cc:1048 Failed to read descriptor from node connection: 시스템에 부착된 장치가 작동하지 않습니다. (0x1F)
10월 21, 2022 24:45:50.336 [9424:2684:1021/004550.336:ERROR:device_event_log_impl.cc(214)] [00:45:50.337] USB: usb_device_handle_win.cc:1048 Failed to read descriptor from node connection: 시스템에 부착된 장치가 작동하지 않습니다. (0x1F)
10월 21, 2022 24:45:50.337 [9424:2684:1021/004550.336:ERROR:device_event_log_impl.cc(214)] [00:45:50.337] USB: usb_device_handle_win.cc:1048 Failed to read descriptor from node connection: 시스템에 부착된 장치가 작동하지 않습니다. (0x1F)
10월 21, 2022 24:46:47.718 [9424:14664:1021/004647.718:ERROR:util.cc(129)] Can't create base directory: C:\Program Files\Google\GoogleUpdater
10월 21, 2022 24:48:14.465 [15400:14252:1021/004814.464:ERROR:device_event_log_impl.cc(214)] [00:48:14.464] USB: usb_device_handle_win.cc:1048 Failed to read descriptor from node connection: 시스템에 부착된 장치가 작동하지 않습니다. (0x1F)
10월 21, 2022 24:48:14.471 [15400:14252:1021/004814.471:ERROR:device_event_log_impl.cc(214)] [00:48:14.471] USB: usb_device_handle_win.cc:1048 Failed to read descriptor from node connection: 시스템에 부착된 장치가 작동하지 않습니다. (0x1F)
10월 21, 2022 24:48:14.472 [15400:14252:1021/004814.471:ERROR:device_event_log_impl.cc(214)] [00:48:14.471] USB: usb_device_handle_win.cc:1048 Failed to read descriptor from node connection: 시스템에 부착된 장치가 작동하지 않습니다. (0x1F)
10월 21, 2022 24:49:12.271 [15400:1080:1021/004912.271:ERROR:util.cc(129)] Can't create base directory: C:\Program Files\Google\GoogleUpdater
10월 21, 2022 24:50:32.170 [12980:11552:1021/005032.169:ERROR:device_event_log_impl.cc(214)] [00:50:32.169] USB: usb_device_handle_win.cc:1048 Failed to read descriptor from node connection: 시스템에 부착된 장치가 작동하지 않습니다. (0x1F)
10월 21, 2022 24:50:32.176 [12980:11552:1021/005032.176:ERROR:device_event_log_impl.cc(214)] [00:50:32.176] USB: usb_device_handle_win.cc:1048 Failed to read descriptor from node connection: 시스템에 부착된 장치가 작동하지 않습니다. (0x1F)
10월 21, 2022 24:50:32.177 [12980:11552:1021/005032.176:ERROR:device_event_log_impl.cc(214)] [00:50:32.176] USB: usb_device_handle_win.cc:1048 Failed to read descriptor from node connection: 시스템에 부착된 장치가 작동하지 않습니다. (0x1F)
10월 21, 2022 24:51:30.04 [12980:11656:1021/005130.004:ERROR:util.cc(129)] Can't create base directory: C:\Program Files\Google\GoogleUpdater
10월 21, 2022 24:51:45.226 [10232:11900:1021/005145.226:ERROR:device_event_log_impl.cc(214)] [00:51:45.227] USB: usb_device_handle_win.cc:1048 Failed to read descriptor from node connection: 시스템에 부착된 장치가 작동하지 않습니다. (0x1F)
10월 21, 2022 24:51:45.234 [10232:11900:1021/005145.233:ERROR:device_event_log_impl.cc(214)] [00:51:45.234] USB: usb_device_handle_win.cc:1048 Failed to read descriptor from node connection: 시스템에 부착된 장치가 작동하지 않습니다. (0x1F)
10월 21, 2022 24:51:45.234 [10232:11900:1021/005145.234:ERROR:device_event_log_impl.cc(214)] [00:51:45.234] USB: usb_device_handle_win.cc:1048 Failed to read descriptor from node connection: 시스템에 부착된 장치가 작동하지 않습니다. (0x1F)

10월 21, 2022 08:28:42.79 NEW SESSION
10월 21, 2022 08:28:42.79 [15372:8576:1021/082842.071:ERROR:device_event_log_impl.cc(214)] [08:28:42.077] USB: usb_device_handle_win.cc:1048 Failed to read descriptor from node connection: 시스템에 부착된 장치가 작동하지 않습니다. (0x1F)
10월 21, 2022 08:28:42.79 [15372:8576:1021/082842.079:ERROR:device_event_log_impl.cc(214)] [08:28:42.081] USB: usb_device_handle_win.cc:1048 Failed to read descriptor from node connection: 시스템에 부착된 장치가 작동하지 않습니다. (0x1F)
10월 21, 2022 08:28:42.79 [15372:8576:1021/082842.079:ERROR:device_event_log_impl.cc(214)] [08:28:42.081] USB: usb_device_handle_win.cc:1048 Failed to read descriptor from node connection: 시스템에 부착된 장치가 작동하지 않습니다. (0x1F)
10월 21, 2022 08:29:39.717 [15372:8612:1021/082939.716:ERROR:util.cc(129)] Can't create base directory: C:\Program Files\Google\GoogleUpdater
10월 21, 2022 08:40:52.597 [4656:1528:1021/084052.596:ERROR:device_event_log_impl.cc(214)] [08:40:52.595] USB: usb_device_handle_win.cc:1048 Failed to read descriptor from node connection: 시스템에 부착된 장치가 작동하지 않습니다. (0x1F)
10월 21, 2022 08:40:52.602 [4656:1528:1021/084052.601:ERROR:device_event_log_impl.cc(214)] [08:40:52.601] USB: usb_device_handle_win.cc:1048 Failed to read descriptor from node connection: 시스템에 부착된 장치가 작동하지 않습니다. (0x1F)
10월 21, 2022 08:40:52.603 [4656:1528:1021/084052.601:ERROR:device_event_log_impl.cc(214)] [08:40:52.601] USB: usb_device_handle_win.cc:1048 Failed to read descriptor from node connection: 시스템에 부착된 장치가 작동하지 않습니다. (0x1F)
10월 21, 2022 08:41:50.334 [4656:13256:1021/084150.334:ERROR:util.cc(129)] Can't create base directory: C:\Program Files\Google\GoogleUpdater

10월 22, 2022 13:28:49.943 NEW SESSION
10월 22, 2022 13:28:49.943 [8880:9008:1022/132849.940:ERROR:device_event_log_impl.cc(214)] [13:28:49.940] USB: usb_device_handle_win.cc:1048 Failed to read descriptor from node connection: 시스템에 부착된 장치가 작동하지 않습니다. (0x1F)
10월 22, 2022 13:28:49.949 [8880:9008:1022/132849.949:ERROR:device_event_log_impl.cc(214)] [13:28:49.949] USB: usb_device_handle_win.cc:1048 Failed to read descriptor from node connection: 시스템에 부착된 장치가 작동하지 않습니다. (0x1F)
10월 22, 2022 13:28:49.950 [8880:9008:1022/132849.949:ERROR:device_event_log_impl.cc(214)] [13:28:49.949] USB: usb_device_handle_win.cc:1048 Failed to read descriptor from node connection: 시스템에 부착된 장치가 작동하지 않습니다. (0x1F)
10월 22, 2022 13:29:47.756 [8880:3712:1022/132947.756:ERROR:util.cc(129)] Can't create base directory: C:\Program Files\Google\GoogleUpdater
10월 22, 2022 13:35:24.334 [17180:10640:1022/133524.334:ERROR:device_event_log_impl.cc(214)] [13:35:24.334] USB: usb_device_handle_win.cc:1048 Failed to read descriptor from node connection: 시스템에 부착된 장치가 작동하지 않습니다. (0x1F)
10월 22, 2022 13:35:24.342 [17180:10640:1022/133524.342:ERROR:device_event_log_impl.cc(214)] [13:35:24.342] USB: usb_device_handle_win.cc:1048 Failed to read descriptor from node connection: 시스템에 부착된 장치가 작동하지 않습니다. (0x1F)
10월 22, 2022 13:35:24.342 [17180:10640:1022/133524.342:ERROR:device_event_log_impl.cc(214)] [13:35:24.342] USB: usb_device_handle_win.cc:1048 Failed to read descriptor from node connection: 시스템에 부착된 장치가 작동하지 않습니다. (0x1F)
10월 22, 2022 13:36:22.95 [17180:6704:1022/133622.095:ERROR:util.cc(129)] Can't create base directory: C:\Program Files\Google\GoogleUpdater
10월 22, 2022 13:45:01.622 [14508:7440:1022/134501.622:ERROR:device_event_log_impl.cc(214)] [13:45:01.623] USB: usb_device_handle_win.cc:1048 Failed to read descriptor from node connection: 시스템에 부착된 장치가 작동하지 않습니다. (0x1F)
10월 22, 2022 13:45:01.630 [14508:7440:1022/134501.630:ERROR:device_event_log_impl.cc(214)] [13:45:01.630] USB: usb_device_handle_win.cc:1048 Failed to read descriptor from node connection: 시스템에 부착된 장치가 작동하지 않습니다. (0x1F)
10월 22, 2022 13:45:01.630 [14508:7440:1022/134501.630:ERROR:device_event_log_impl.cc(214)] [13:45:01.630] USB: usb_device_handle_win.cc:1048 Failed to read descriptor from node connection: 시스템에 부착된 장치가 작동하지 않습니다. (0x1F)
10월 22, 2022 13:45:49.88 [13960:12128:1022/134549.088:ERROR:device_event_log_impl.cc(214)] [13:45:49.088] USB: usb_device_handle_win.cc:1048 Failed to read descriptor from node connection: 시스템에 부착된 장치가 작동하지 않습니다. (0x1F)
10월 22, 2022 13:45:49.96 [13960:12128:1022/134549.096:ERROR:device_event_log_impl.cc(214)] [13:45:49.096] USB: usb_device_handle_win.cc:1048 Failed to read descriptor from node connection: 시스템에 부착된 장치가 작동하지 않습니다. (0x1F)
10월 22, 2022 13:45:49.96 [13960:12128:1022/134549.096:ERROR:device_event_log_impl.cc(214)] [13:45:49.096] USB: usb_device_handle_win.cc:1048 Failed to read descriptor from node connection: 시스템에 부착된 장치가 작동하지 않습니다. (0x1F)
10월 22, 2022 13:46:46.796 [13960:8448:1022/134646.796:ERROR:util.cc(129)] Can't create base directory: C:\Program Files\Google\GoogleUpdater
10월 22, 2022 14:35:03.483 [13960:12128:1022/143503.482:ERROR:interface_endpoint_client.cc(689)] Message 0 rejected by interface blink.mojom.WidgetHost
10월 22, 2022 14:48:50.434 [9616:8604:1022/144850.434:ERROR:device_event_log_impl.cc(214)] [14:48:50.434] USB: usb_device_handle_win.cc:1048 Failed to read descriptor from node connection: 시스템에 부착된 장치가 작동하지 않습니다. (0x1F)
10월 22, 2022 14:48:50.443 [9616:8604:1022/144850.443:ERROR:device_event_log_impl.cc(214)] [14:48:50.443] USB: usb_device_handle_win.cc:1048 Failed to read descriptor from node connection: 시스템에 부착된 장치가 작동하지 않습니다. (0x1F)
10월 22, 2022 14:48:50.443 [9616:8604:1022/144850.443:ERROR:device_event_log_impl.cc(214)] [14:48:50.443] USB: usb_device_handle_win.cc:1048 Failed to read descriptor from node connection: 시스템에 부착된 장치가 작동하지 않습니다. (0x1F)
10월 22, 2022 14:49:03.966 [4884:1116:1022/144903.966:ERROR:device_event_log_impl.cc(214)] [14:49:03.966] USB: usb_device_handle_win.cc:1048 Failed to read descriptor from node connection: 시스템에 부착된 장치가 작동하지 않습니다. (0x1F)
10월 22, 2022 14:49:03.975 [4884:1116:1022/144903.975:ERROR:device_event_log_impl.cc(214)] [14:49:03.974] USB: usb_device_handle_win.cc:1048 Failed to read descriptor from node connection: 시스템에 부착된 장치가 작동하지 않습니다. (0x1F)
10월 22, 2022 14:49:03.975 [4884:1116:1022/144903.975:ERROR:device_event_log_impl.cc(214)] [14:49:03.974] USB: usb_device_handle_win.cc:1048 Failed to read descriptor from node connection: 시스템에 부착된 장치가 작동하지 않습니다. (0x1F)
10월 22, 2022 14:50:01.827 [4884:17256:1022/145001.826:ERROR:util.cc(129)] Can't create base directory: C:\Program Files\Google\GoogleUpdater
10월 22, 2022 14:52:29.998 [14788:12420:1022/145229.998:ERROR:device_event_log_impl.cc(214)] [14:52:29.998] USB: usb_device_handle_win.cc:1048 Failed to read descriptor from node connection: 시스템에 부착된 장치가 작동하지 않습니다. (0x1F)
10월 22, 2022 14:52:30.07 [14788:12420:1022/145230.007:ERROR:device_event_log_impl.cc(214)] [14:52:30.007] USB: usb_device_handle_win.cc:1048 Failed to read descriptor from node connection: 시스템에 부착된 장치가 작동하지 않습니다. (0x1F)
10월 22, 2022 14:52:30.07 [14788:12420:1022/145230.007:ERROR:device_event_log_impl.cc(214)] [14:52:30.007] USB: usb_device_handle_win.cc:1048 Failed to read descriptor from node connection: 시스템에 부착된 장치가 작동하지 않습니다. (0x1F)
10월 22, 2022 14:53:27.741 [14788:1144:1022/145327.741:ERROR:util.cc(129)] Can't create base directory: C:\Program Files\Google\GoogleUpdater
10월 22, 2022 15:01:08.101 [17100:12128:1022/150108.101:ERROR:device_event_log_impl.cc(214)] [15:01:08.101] USB: usb_device_handle_win.cc:1048 Failed to read descriptor from node connection: 시스템에 부착된 장치가 작동하지 않습니다. (0x1F)
10월 22, 2022 15:01:08.109 [17100:12128:1022/150108.109:ERROR:device_event_log_impl.cc(214)] [15:01:08.109] USB: usb_device_handle_win.cc:1048 Failed to read descriptor from node connection: 시스템에 부착된 장치가 작동하지 않습니다. (0x1F)
10월 22, 2022 15:01:08.110 [17100:12128:1022/150108.109:ERROR:device_event_log_impl.cc(214)] [15:01:08.109] USB: usb_device_handle_win.cc:1048 Failed to read descriptor from node connection: 시스템에 부착된 장치가 작동하지 않습니다. (0x1F)
10월 22, 2022 15:02:05.882 [17100:13680:1022/150205.882:ERROR:util.cc(129)] Can't create base directory: C:\Program Files\Google\GoogleUpdater
10월 22, 2022 15:16:13.60 [14088:11380:1022/151613.060:ERROR:device_event_log_impl.cc(214)] [15:16:13.060] USB: usb_device_handle_win.cc:1048 Failed to read descriptor from node connection: 시스템에 부착된 장치가 작동하지 않습니다. (0x1F)
10월 22, 2022 15:16:13.69 [14088:11380:1022/151613.069:ERROR:device_event_log_impl.cc(214)] [15:16:13.068] USB: usb_device_handle_win.cc:1048 Failed to read descriptor from node connection: 시스템에 부착된 장치가 작동하지 않습니다. (0x1F)
10월 22, 2022 15:16:13.69 [14088:11380:1022/151613.069:ERROR:device_event_log_impl.cc(214)] [15:16:13.068] USB: usb_device_handle_win.cc:1048 Failed to read descriptor from node connection: 시스템에 부착된 장치가 작동하지 않습니다. (0x1F)

10월 22, 2022 15:17:20.994 NEW SESSION
10월 22, 2022 15:17:20.994 [1144:12812:1022/151720.994:ERROR:device_event_log_impl.cc(214)] [15:17:21.006] USB: usb_device_handle_win.cc:1048 Failed to read descriptor from node connection: 시스템에 부착된 장치가 작동하지 않습니다. (0x1F)
10월 22, 2022 15:17:21.10 [1144:12812:1022/151721.010:ERROR:device_event_log_impl.cc(214)] [15:17:21.015] USB: usb_device_handle_win.cc:1048 Failed to read descriptor from node connection: 시스템에 부착된 장치가 작동하지 않습니다. (0x1F)
10월 22, 2022 15:17:21.10 [1144:12812:1022/151721.010:ERROR:device_event_log_impl.cc(214)] [15:17:21.015] USB: usb_device_handle_win.cc:1048 Failed to read descriptor from node connection: 시스템에 부착된 장치가 작동하지 않습니다. (0x1F)
10월 22, 2022 15:18:18.879 [1144:14184:1022/151818.879:ERROR:util.cc(129)] Can't create base directory: C:\Program Files\Google\GoogleUpdater

10월 22, 2022 15:23:39.617 NEW SESSION
10월 22, 2022 15:23:39.617 [12176:12820:1022/152339.616:ERROR:device_event_log_impl.cc(214)] [15:23:39.617] USB: usb_device_handle_win.cc:1048 Failed to read descriptor from node connection: 시스템에 부착된 장치가 작동하지 않습니다. (0x1F)
10월 22, 2022 15:23:39.625 [12176:12820:1022/152339.625:ERROR:device_event_log_impl.cc(214)] [15:23:39.625] USB: usb_device_handle_win.cc:1048 Failed to read descriptor from node connection: 시스템에 부착된 장치가 작동하지 않습니다. (0x1F)
10월 22, 2022 15:23:39.625 [12176:12820:1022/152339.625:ERROR:device_event_log_impl.cc(214)] [15:23:39.625] USB: usb_device_handle_win.cc:1048 Failed to read descriptor from node connection: 시스템에 부착된 장치가 작동하지 않습니다. (0x1F)
10월 22, 2022 15:24:37.530 [12176:12648:1022/152437.529:ERROR:util.cc(129)] Can't create base directory: C:\Program Files\Google\GoogleUpdater

10월 25, 2022 17:40:38.68 NEW SESSION
10월 25, 2022 17:40:38.68 [3192:8460:1025/174038.066:ERROR:device_event_log_impl.cc(214)] [17:40:38.067] USB: usb_device_handle_win.cc:1048 Failed to read descriptor from node connection: 시스템에 부착된 장치가 작동하지 않습니다. (0x1F)
10월 25, 2022 17:40:38.72 [3192:8460:1025/174038.072:ERROR:device_event_log_impl.cc(214)] [17:40:38.072] USB: usb_device_handle_win.cc:1048 Failed to read descriptor from node connection: 시스템에 부착된 장치가 작동하지 않습니다. (0x1F)
10월 25, 2022 17:40:38.72 [3192:8460:1025/174038.072:ERROR:device_event_log_impl.cc(214)] [17:40:38.072] USB: usb_device_handle_win.cc:1048 Failed to read descriptor from node connection: 시스템에 부착된 장치가 작동하지 않습니다. (0x1F)
10월 25, 2022 17:42:34.153 [3272:4064:1025/174234.152:ERROR:device_event_log_impl.cc(214)] [17:42:34.152] USB: usb_device_handle_win.cc:1048 Failed to read descriptor from node connection: 시스템에 부착된 장치가 작동하지 않습니다. (0x1F)
10월 25, 2022 17:42:34.159 [3272:4064:1025/174234.159:ERROR:device_event_log_impl.cc(214)] [17:42:34.158] USB: usb_device_handle_win.cc:1048 Failed to read descriptor from node connection: 시스템에 부착된 장치가 작동하지 않습니다. (0x1F)
10월 25, 2022 17:42:34.159 [3272:4064:1025/174234.159:ERROR:device_event_log_impl.cc(214)] [17:42:34.158] USB: usb_device_handle_win.cc:1048 Failed to read descriptor from node connection: 시스템에 부착된 장치가 작동하지 않습니다. (0x1F)
10월 25, 2022 17:43:31.912 [3272:15104:1025/174331.912:ERROR:util.cc(129)] Can't create base directory: C:\Program Files\Google\GoogleUpdater
10월 25, 2022 17:44:59.847 [12320:14836:1025/174459.847:ERROR:device_event_log_impl.cc(214)] [17:44:59.846] USB: usb_device_handle_win.cc:1048 Failed to read descriptor from node connection: 시스템에 부착된 장치가 작동하지 않습니다. (0x1F)
10월 25, 2022 17:44:59.854 [12320:14836:1025/174459.854:ERROR:device_event_log_impl.cc(214)] [17:44:59.853] USB: usb_device_handle_win.cc:1048 Failed to read descriptor from node connection: 시스템에 부착된 장치가 작동하지 않습니다. (0x1F)
10월 25, 2022 17:44:59.854 [12320:14836:1025/174459.854:ERROR:device_event_log_impl.cc(214)] [17:44:59.853] USB: usb_device_handle_win.cc:1048 Failed to read descriptor from node connection: 시스템에 부착된 장치가 작동하지 않습니다. (0x1F)
10월 25, 2022 17:45:57.735 [12320:15648:1025/174557.734:ERROR:util.cc(129)] Can't create base directory: C:\Program Files\Google\GoogleUpdater

10월 26, 2022 24:04:36.492 NEW SESSION
10월 26, 2022 24:04:36.492 [16580:2952:1026/000436.488:ERROR:device_event_log_impl.cc(214)] [00:04:36.488] USB: usb_device_handle_win.cc:1048 Failed to read descriptor from node connection: 시스템에 부착된 장치가 작동하지 않습니다. (0x1F)
10월 26, 2022 24:04:36.494 [16580:2952:1026/000436.494:ERROR:device_event_log_impl.cc(214)] [00:04:36.494] USB: usb_device_handle_win.cc:1048 Failed to read descriptor from node connection: 시스템에 부착된 장치가 작동하지 않습니다. (0x1F)
10월 26, 2022 24:04:36.494 [16580:2952:1026/000436.494:ERROR:device_event_log_impl.cc(214)] [00:04:36.494] USB: usb_device_handle_win.cc:1048 Failed to read descriptor from node connection: 시스템에 부착된 장치가 작동하지 않습니다. (0x1F)
10월 26, 2022 24:05:33.973 [16580:16712:1026/000533.964:ERROR:util.cc(129)] Can't create base directory: C:\Program Files\Google\GoogleUpdater
10월 26, 2022 24:31:52.518 [libprotobuf ERROR ..\..\third_party\protobuf\src\google\protobuf\message_lite.cc:133] Can't parse message of type "safe_browsing.ClientDownloadRequest" because it is missing required fields: (cannot determine missing fields for lite message)
10월 26, 2022 24:32:15.750 [libprotobuf ERROR ..\..\third_party\protobuf\src\google\protobuf\message_lite.cc:133] Can't parse message of type "safe_browsing.ClientDownloadRequest" because it is missing required fields: (cannot determine missing fields for lite message)
10월 26, 2022 24:32:57.890 [11464:10256:1026/003257.889:ERROR:device_event_log_impl.cc(214)] [00:32:57.889] USB: usb_device_handle_win.cc:1048 Failed to read descriptor from node connection: 시스템에 부착된 장치가 작동하지 않습니다. (0x1F)
10월 26, 2022 24:32:57.896 [11464:10256:1026/003257.896:ERROR:device_event_log_impl.cc(214)] [00:32:57.895] USB: usb_device_handle_win.cc:1048 Failed to read descriptor from node connection: 시스템에 부착된 장치가 작동하지 않습니다. (0x1F)
10월 26, 2022 24:32:57.897 [11464:10256:1026/003257.896:ERROR:device_event_log_impl.cc(214)] [00:32:57.895] USB: usb_device_handle_win.cc:1048 Failed to read descriptor from node connection: 시스템에 부착된 장치가 작동하지 않습니다. (0x1F)

10월 29, 2022 15:57:12.843 NEW SESSION
10월 29, 2022 15:57:12.843 [10648:20092:1029/155712.842:ERROR:device_event_log_impl.cc(214)] [15:57:12.842] USB: usb_device_handle_win.cc:1048 Failed to read descriptor from node connection: 시스템에 부착된 장치가 작동하지 않습니다. (0x1F)
10월 29, 2022 15:57:12.848 [10648:20092:1029/155712.847:ERROR:device_event_log_impl.cc(214)] [15:57:12.847] USB: usb_device_handle_win.cc:1048 Failed to read descriptor from node connection: 시스템에 부착된 장치가 작동하지 않습니다. (0x1F)
10월 29, 2022 15:57:12.848 [10648:20092:1029/155712.847:ERROR:device_event_log_impl.cc(214)] [15:57:12.847] USB: usb_device_handle_win.cc:1048 Failed to read descriptor from node connection: 시스템에 부착된 장치가 작동하지 않습니다. (0x1F)
10월 29, 2022 15:58:10.552 [10648:5768:1029/155810.552:ERROR:util.cc(129)] Can't create base directory: C:\Program Files\Google\GoogleUpdater
10월 29, 2022 16:02:25.183 [16828:14932:1029/160225.183:ERROR:device_event_log_impl.cc(214)] [16:02:25.183] USB: usb_device_handle_win.cc:1048 Failed to read descriptor from node connection: 시스템에 부착된 장치가 작동하지 않습니다. (0x1F)
10월 29, 2022 16:02:25.189 [16828:14932:1029/160225.189:ERROR:device_event_log_impl.cc(214)] [16:02:25.189] USB: usb_device_handle_win.cc:1048 Failed to read descriptor from node connection: 시스템에 부착된 장치가 작동하지 않습니다. (0x1F)
10월 29, 2022 16:02:25.189 [16828:14932:1029/160225.189:ERROR:device_event_log_impl.cc(214)] [16:02:25.189] USB: usb_device_handle_win.cc:1048 Failed to read descriptor from node connection: 시스템에 부착된 장치가 작동하지 않습니다. (0x1F)
10월 29, 2022 16:03:22.891 [16828:12656:1029/160322.890:ERROR:util.cc(129)] Can't create base directory: C:\Program Files\Google\GoogleUpdater
10월 29, 2022 16:11:03.823 [19664:7928:1029/161103.822:ERROR:device_event_log_impl.cc(214)] [16:11:03.822] USB: usb_device_handle_win.cc:1048 Failed to read descriptor from node connection: 시스템에 부착된 장치가 작동하지 않습니다. (0x1F)
10월 29, 2022 16:11:03.828 [19664:7928:1029/161103.828:ERROR:device_event_log_impl.cc(214)] [16:11:03.828] USB: usb_device_handle_win.cc:1048 Failed to read descriptor from node connection: 시스템에 부착된 장치가 작동하지 않습니다. (0x1F)
10월 29, 2022 16:11:03.829 [19664:7928:1029/161103.828:ERROR:device_event_log_impl.cc(214)] [16:11:03.828] USB: usb_device_handle_win.cc:1048 Failed to read descriptor from node connection: 시스템에 부착된 장치가 작동하지 않습니다. (0x1F)
10월 29, 2022 16:12:01.504 [19664:10812:1029/161201.503:ERROR:util.cc(129)] Can't create base directory: C:\Program Files\Google\GoogleUpdater
10월 29, 2022 16:15:10.955 [17984:20060:1029/161510.954:ERROR:device_event_log_impl.cc(214)] [16:15:10.954] USB: usb_device_handle_win.cc:1048 Failed to read descriptor from node connection: 시스템에 부착된 장치가 작동하지 않습니다. (0x1F)
10월 29, 2022 16:15:10.960 [17984:20060:1029/161510.960:ERROR:device_event_log_impl.cc(214)] [16:15:10.960] USB: usb_device_handle_win.cc:1048 Failed to read descriptor from node connection: 시스템에 부착된 장치가 작동하지 않습니다. (0x1F)
10월 29, 2022 16:15:10.961 [17984:20060:1029/161510.960:ERROR:device_event_log_impl.cc(214)] [16:15:10.960] USB: usb_device_handle_win.cc:1048 Failed to read descriptor from node connection: 시스템에 부착된 장치가 작동하지 않습니다. (0x1F)
10월 29, 2022 16:16:08.150 [17984:14924:1029/161608.150:ERROR:util.cc(129)] Can't create base directory: C:\Program Files\Google\GoogleUpdater

11월 01, 2022 18:14:46.748 NEW SESSION
11월 01, 2022 18:14:46.748 [10812:972:1101/181446.739:ERROR:device_event_log_impl.cc(214)] [18:14:46.739] USB: usb_device_handle_win.cc:1048 Failed to read descriptor from node connection: 시스템에 부착된 장치가 작동하지 않습니다. (0x1F)
11월 01, 2022 18:14:46.748 [10812:972:1101/181446.746:ERROR:device_event_log_impl.cc(214)] [18:14:46.745] USB: usb_device_handle_win.cc:1048 Failed to read descriptor from node connection: 시스템에 부착된 장치가 작동하지 않습니다. (0x1F)
11월 01, 2022 18:14:46.749 [10812:972:1101/181446.746:ERROR:device_event_log_impl.cc(214)] [18:14:46.745] USB: usb_device_handle_win.cc:1048 Failed to read descriptor from node connection: 시스템에 부착된 장치가 작동하지 않습니다. (0x1F)
11월 01, 2022 18:15:18.249 [13020:3140:1101/181518.249:ERROR:device_event_log_impl.cc(214)] [18:15:18.249] USB: usb_device_handle_win.cc:1048 Failed to read descriptor from node connection: 시스템에 부착된 장치가 작동하지 않습니다. (0x1F)
11월 01, 2022 18:15:18.256 [13020:3140:1101/181518.256:ERROR:device_event_log_impl.cc(214)] [18:15:18.256] USB: usb_device_handle_win.cc:1048 Failed to read descriptor from node connection: 시스템에 부착된 장치가 작동하지 않습니다. (0x1F)
11월 01, 2022 18:15:18.256 [13020:3140:1101/181518.256:ERROR:device_event_log_impl.cc(214)] [18:15:18.256] USB: usb_device_handle_win.cc:1048 Failed to read descriptor from node connection: 시스템에 부착된 장치가 작동하지 않습니다. (0x1F)

11월 02, 2022 20:11:31.276 NEW SESSION
11월 02, 2022 20:11:31.276 [14344:6616:1102/201131.274:ERROR:device_event_log_impl.cc(215)] [20:11:31.275] USB: usb_device_handle_win.cc:1048 Failed to read descriptor from node connection: 시스템에 부착된 장치가 작동하지 않습니다. (0x1F)
11월 02, 2022 20:11:31.280 [14344:6616:1102/201131.280:ERROR:device_event_log_impl.cc(215)] [20:11:31.280] USB: usb_device_handle_win.cc:1048 Failed to read descriptor from node connection: 시스템에 부착된 장치가 작동하지 않습니다. (0x1F)
11월 02, 2022 20:11:31.280 [14344:6616:1102/201131.280:ERROR:device_event_log_impl.cc(215)] [20:11:31.280] USB: usb_device_handle_win.cc:1048 Failed to read descriptor from node connection: 시스템에 부착된 장치가 작동하지 않습니다. (0x1F)
11월 02, 2022 20:12:29.50 [14344:13008:1102/201229.050:ERROR:util.cc(129)] Can't create base directory: C:\Program Files\Google\GoogleUpdater
11월 02, 2022 20:25:29.964 [4672:292:1102/202529.963:ERROR:device_event_log_impl.cc(215)] [20:25:29.964] USB: usb_device_handle_win.cc:1048 Failed to read descriptor from node connection: 시스템에 부착된 장치가 작동하지 않습니다. (0x1F)
11월 02, 2022 20:25:29.969 [4672:292:1102/202529.969:ERROR:device_event_log_impl.cc(215)] [20:25:29.969] USB: usb_device_handle_win.cc:1048 Failed to read descriptor from node connection: 시스템에 부착된 장치가 작동하지 않습니다. (0x1F)
11월 02, 2022 20:25:29.970 [4672:292:1102/202529.969:ERROR:device_event_log_impl.cc(215)] [20:25:29.969] USB: usb_device_handle_win.cc:1048 Failed to read descriptor from node connection: 시스템에 부착된 장치가 작동하지 않습니다. (0x1F)
11월 02, 2022 20:26:27.874 [4672:4284:1102/202627.873:ERROR:util.cc(129)] Can't create base directory: C:\Program Files\Google\GoogleUpdater

11월 02, 2022 20:33:14.123 NEW SESSION
11월 02, 2022 20:33:14.123 [8972:14368:1102/203314.122:ERROR:device_event_log_impl.cc(215)] [20:33:14.122] USB: usb_device_handle_win.cc:1048 Failed to read descriptor from node connection: 시스템에 부착된 장치가 작동하지 않습니다. (0x1F)
11월 02, 2022 20:33:14.128 [8972:14368:1102/203314.128:ERROR:device_event_log_impl.cc(215)] [20:33:14.128] USB: usb_device_handle_win.cc:1048 Failed to read descriptor from node connection: 시스템에 부착된 장치가 작동하지 않습니다. (0x1F)
11월 02, 2022 20:33:14.128 [8972:14368:1102/203314.128:ERROR:device_event_log_impl.cc(215)] [20:33:14.128] USB: usb_device_handle_win.cc:1048 Failed to read descriptor from node connection: 시스템에 부착된 장치가 작동하지 않습니다. (0x1F)
11월 02, 2022 20:34:03.210 [1096:3704:1102/203403.210:ERROR:device_event_log_impl.cc(215)] [20:34:03.209] USB: usb_device_handle_win.cc:1048 Failed to read descriptor from node connection: 시스템에 부착된 장치가 작동하지 않습니다. (0x1F)
11월 02, 2022 20:34:03.216 [1096:3704:1102/203403.215:ERROR:device_event_log_impl.cc(215)] [20:34:03.215] USB: usb_device_handle_win.cc:1048 Failed to read descriptor from node connection: 시스템에 부착된 장치가 작동하지 않습니다. (0x1F)
11월 02, 2022 20:34:03.216 [1096:3704:1102/203403.216:ERROR:device_event_log_impl.cc(215)] [20:34:03.215] USB: usb_device_handle_win.cc:1048 Failed to read descriptor from node connection: 시스템에 부착된 장치가 작동하지 않습니다. (0x1F)

11월 03, 2022 21:59:03.974 NEW SESSION
11월 03, 2022 21:59:03.974 [19432:8784:1103/215903.972:ERROR:device_event_log_impl.cc(215)] [21:59:03.972] USB: usb_device_handle_win.cc:1048 Failed to read descriptor from node connection: 시스템에 부착된 장치가 작동하지 않습니다. (0x1F)
11월 03, 2022 21:59:03.978 [19432:8784:1103/215903.978:ERROR:device_event_log_impl.cc(215)] [21:59:03.978] USB: usb_device_handle_win.cc:1048 Failed to read descriptor from node connection: 시스템에 부착된 장치가 작동하지 않습니다. (0x1F)
11월 03, 2022 21:59:03.979 [19432:8784:1103/215903.978:ERROR:device_event_log_impl.cc(215)] [21:59:03.978] USB: usb_device_handle_win.cc:1048 Failed to read descriptor from node connection: 시스템에 부착된 장치가 작동하지 않습니다. (0x1F)
11월 03, 2022 22:00:01.168 [19432:16896:1103/220001.167:ERROR:util.cc(129)] Can't create base directory: C:\Program Files\Google\GoogleUpdater
11월 03, 2022 22:02:27.731 [19432:7776:1103/220227.730:ERROR:connection_factory_impl.cc(426)] Failed to connect to MCS endpoint with error -106
11월 03, 2022 22:02:51.544 [19432:7776:1103/220251.520:ERROR:connection_factory_impl.cc(426)] Failed to connect to MCS endpoint with error -106
11월 03, 2022 22:03:39.433 [19432:7776:1103/220339.432:ERROR:connection_factory_impl.cc(426)] Failed to connect to MCS endpoint with error -106
11월 03, 2022 22:25:32.134 [11776:1852:1103/222532.133:ERROR:device_event_log_impl.cc(215)] [22:25:32.133] USB: usb_device_handle_win.cc:1048 Failed to read descriptor from node connection: 시스템에 부착된 장치가 작동하지 않습니다. (0x1F)
11월 03, 2022 22:25:32.139 [11776:1852:1103/222532.139:ERROR:device_event_log_impl.cc(215)] [22:25:32.139] USB: usb_device_handle_win.cc:1048 Failed to read descriptor from node connection: 시스템에 부착된 장치가 작동하지 않습니다. (0x1F)
11월 03, 2022 22:25:32.139 [11776:1852:1103/222532.139:ERROR:device_event_log_impl.cc(215)] [22:25:32.139] USB: usb_device_handle_win.cc:1048 Failed to read descriptor from node connection: 시스템에 부착된 장치가 작동하지 않습니다. (0x1F)
11월 03, 2022 22:26:29.863 [11776:5308:1103/222629.863:ERROR:util.cc(129)] Can't create base directory: C:\Program Files\Google\GoogleUpdater
11월 03, 2022 22:29:07.925 [11416:18136:1103/222907.925:ERROR:device_event_log_impl.cc(215)] [22:29:07.925] USB: usb_device_handle_win.cc:1048 Failed to read descriptor from node connection: 시스템에 부착된 장치가 작동하지 않습니다. (0x1F)
11월 03, 2022 22:29:07.931 [11416:18136:1103/222907.930:ERROR:device_event_log_impl.cc(215)] [22:29:07.931] USB: usb_device_handle_win.cc:1048 Failed to read descriptor from node connection: 시스템에 부착된 장치가 작동하지 않습니다. (0x1F)
11월 03, 2022 22:29:07.931 [11416:18136:1103/222907.930:ERROR:device_event_log_impl.cc(215)] [22:29:07.931] USB: usb_device_handle_win.cc:1048 Failed to read descriptor from node connection: 시스템에 부착된 장치가 작동하지 않습니다. (0x1F)
11월 03, 2022 22:30:05.583 [11416:15576:1103/223005.583:ERROR:util.cc(129)] Can't create base directory: C:\Program Files\Google\GoogleUpdater
11월 03, 2022 22:32:58.628 [8356:9660:1103/223258.627:ERROR:device_event_log_impl.cc(215)] [22:32:58.628] USB: usb_device_handle_win.cc:1048 Failed to read descriptor from node connection: 시스템에 부착된 장치가 작동하지 않습니다. (0x1F)
11월 03, 2022 22:32:58.633 [8356:9660:1103/223258.633:ERROR:device_event_log_impl.cc(215)] [22:32:58.633] USB: usb_device_handle_win.cc:1048 Failed to read descriptor from node connection: 시스템에 부착된 장치가 작동하지 않습니다. (0x1F)
11월 03, 2022 22:32:58.633 [8356:9660:1103/223258.633:ERROR:device_event_log_impl.cc(215)] [22:32:58.633] USB: usb_device_handle_win.cc:1048 Failed to read descriptor from node connection: 시스템에 부착된 장치가 작동하지 않습니다. (0x1F)
11월 03, 2022 22:33:09.77 [8356:9660:1103/223309.076:ERROR:CONSOLE(1)] "Extension server error: Object not found: <top>", source: devtools://devtools/bundled/devtools-frontend/front_end/models/extensions/extensions.js (1)
11월 03, 2022 22:33:20.807 [15408:11176:1103/223320.807:ERROR:device_event_log_impl.cc(215)] [22:33:20.807] USB: usb_device_handle_win.cc:1048 Failed to read descriptor from node connection: 시스템에 부착된 장치가 작동하지 않습니다. (0x1F)
11월 03, 2022 22:33:20.814 [15408:11176:1103/223320.812:ERROR:device_event_log_impl.cc(215)] [22:33:20.812] USB: usb_device_handle_win.cc:1048 Failed to read descriptor from node connection: 시스템에 부착된 장치가 작동하지 않습니다. (0x1F)
11월 03, 2022 22:33:20.814 [15408:11176:1103/223320.813:ERROR:device_event_log_impl.cc(215)] [22:33:20.813] USB: usb_device_handle_win.cc:1048 Failed to read descriptor from node connection: 시스템에 부착된 장치가 작동하지 않습니다. (0x1F)
11월 03, 2022 22:33:49.318 [14212:12796:1103/223349.317:ERROR:device_event_log_impl.cc(215)] [22:33:49.317] USB: usb_device_handle_win.cc:1048 Failed to read descriptor from node connection: 시스템에 부착된 장치가 작동하지 않습니다. (0x1F)
11월 03, 2022 22:33:49.324 [14212:12796:1103/223349.324:ERROR:device_event_log_impl.cc(215)] [22:33:49.324] USB: usb_device_handle_win.cc:1048 Failed to read descriptor from node connection: 시스템에 부착된 장치가 작동하지 않습니다. (0x1F)
11월 03, 2022 22:33:49.324 [14212:12796:1103/223349.324:ERROR:device_event_log_impl.cc(215)] [22:33:49.324] USB: usb_device_handle_win.cc:1048 Failed to read descriptor from node connection: 시스템에 부착된 장치가 작동하지 않습니다. (0x1F)

11월 04, 2022 17:24:21.354 NEW SESSION
11월 04, 2022 17:24:21.354 [13640:5384:1104/172421.353:ERROR:device_event_log_impl.cc(215)] [17:24:21.353] USB: usb_device_handle_win.cc:1048 Failed to read descriptor from node connection: 시스템에 부착된 장치가 작동하지 않습니다. (0x1F)
11월 04, 2022 17:24:21.361 [13640:5384:1104/172421.360:ERROR:device_event_log_impl.cc(215)] [17:24:21.360] USB: usb_device_handle_win.cc:1048 Failed to read descriptor from node connection: 시스템에 부착된 장치가 작동하지 않습니다. (0x1F)
11월 04, 2022 17:24:21.361 [13640:5384:1104/172421.360:ERROR:device_event_log_impl.cc(215)] [17:24:21.360] USB: usb_device_handle_win.cc:1048 Failed to read descriptor from node connection: 시스템에 부착된 장치가 작동하지 않습니다. (0x1F)
11월 04, 2022 17:25:19.101 [13640:13216:1104/172519.101:ERROR:util.cc(129)] Can't create base directory: C:\Program Files\Google\GoogleUpdater

11월 04, 2022 18:39:30.868 NEW SESSION
11월 04, 2022 18:39:30.868 [11488:3844:1104/183930.867:ERROR:device_event_log_impl.cc(215)] [18:39:30.867] USB: usb_device_handle_win.cc:1048 Failed to read descriptor from node connection: 시스템에 부착된 장치가 작동하지 않습니다. (0x1F)
11월 04, 2022 18:39:30.875 [11488:3844:1104/183930.875:ERROR:device_event_log_impl.cc(215)] [18:39:30.874] USB: usb_device_handle_win.cc:1048 Failed to read descriptor from node connection: 시스템에 부착된 장치가 작동하지 않습니다. (0x1F)
11월 04, 2022 18:39:30.875 [11488:3844:1104/183930.875:ERROR:device_event_log_impl.cc(215)] [18:39:30.874] USB: usb_device_handle_win.cc:1048 Failed to read descriptor from node connection: 시스템에 부착된 장치가 작동하지 않습니다. (0x1F)
11월 04, 2022 18:40:28.766 [11488:8020:1104/184028.766:ERROR:util.cc(129)] Can't create base directory: C:\Program Files\Google\GoogleUpdater
11월 04, 2022 19:13:46.908 [11488:3844:1104/191346.907:ERROR:interface_endpoint_client.cc(690)] Message 0 rejected by interface blink.mojom.WidgetHost
11월 04, 2022 20:38:24.993 [12864:7280:1104/203824.993:ERROR:device_event_log_impl.cc(215)] [20:38:24.993] USB: usb_device_handle_win.cc:1048 Failed to read descriptor from node connection: 시스템에 부착된 장치가 작동하지 않습니다. (0x1F)
11월 04, 2022 20:38:25.01 [12864:7280:1104/203825.000:ERROR:device_event_log_impl.cc(215)] [20:38:25.000] USB: usb_device_handle_win.cc:1048 Failed to read descriptor from node connection: 시스템에 부착된 장치가 작동하지 않습니다. (0x1F)
11월 04, 2022 20:38:25.01 [12864:7280:1104/203825.001:ERROR:device_event_log_impl.cc(215)] [20:38:25.000] USB: usb_device_handle_win.cc:1048 Failed to read descriptor from node connection: 시스템에 부착된 장치가 작동하지 않습니다. (0x1F)
11월 04, 2022 20:39:22.758 [12864:1860:1104/203922.758:ERROR:util.cc(129)] Can't create base directory: C:\Program Files\Google\GoogleUpdater
11월 04, 2022 21:31:05.875 [10216:13140:1104/213105.875:ERROR:device_event_log_impl.cc(215)] [21:31:05.875] USB: usb_device_handle_win.cc:1048 Failed to read descriptor from node connection: 시스템에 부착된 장치가 작동하지 않습니다. (0x1F)
11월 04, 2022 21:31:05.883 [10216:13140:1104/213105.883:ERROR:device_event_log_impl.cc(215)] [21:31:05.883] USB: usb_device_handle_win.cc:1048 Failed to read descriptor from node connection: 시스템에 부착된 장치가 작동하지 않습니다. (0x1F)
11월 04, 2022 21:31:05.883 [10216:13140:1104/213105.883:ERROR:device_event_log_impl.cc(215)] [21:31:05.883] USB: usb_device_handle_win.cc:1048 Failed to read descriptor from node connection: 시스템에 부착된 장치가 작동하지 않습니다. (0x1F)
11월 04, 2022 21:32:03.606 [10216:13576:1104/213203.606:ERROR:util.cc(129)] Can't create base directory: C:\Program Files\Google\GoogleUpdater

11월 05, 2022 15:25:06.708 NEW SESSION
11월 05, 2022 15:25:06.708 [5496:5532:1105/152506.699:ERROR:device_event_log_impl.cc(215)] [15:25:06.699] USB: usb_device_handle_win.cc:1048 Failed to read descriptor from node connection: 시스템에 부착된 장치가 작동하지 않습니다. (0x1F)
11월 05, 2022 15:25:06.709 [5496:5532:1105/152506.704:ERROR:device_event_log_impl.cc(215)] [15:25:06.705] USB: usb_device_handle_win.cc:1048 Failed to read descriptor from node connection: 시스템에 부착된 장치가 작동하지 않습니다. (0x1F)
11월 05, 2022 15:25:06.709 [5496:5532:1105/152506.704:ERROR:device_event_log_impl.cc(215)] [15:25:06.705] USB: usb_device_handle_win.cc:1048 Failed to read descriptor from node connection: 시스템에 부착된 장치가 작동하지 않습니다. (0x1F)
11월 05, 2022 15:26:04.337 [5496:10036:1105/152604.336:ERROR:util.cc(129)] Can't create base directory: C:\Program Files\Google\GoogleUpdater

11월 06, 2022 13:32:41.739 NEW SESSION
11월 06, 2022 13:32:41.739 [13324:11196:1106/133241.737:ERROR:device_event_log_impl.cc(215)] [13:32:41.737] USB: usb_device_handle_win.cc:1048 Failed to read descriptor from node connection: 시스템에 부착된 장치가 작동하지 않습니다. (0x1F)
11월 06, 2022 13:32:41.744 [13324:11196:1106/133241.744:ERROR:device_event_log_impl.cc(215)] [13:32:41.744] USB: usb_device_handle_win.cc:1048 Failed to read descriptor from node connection: 시스템에 부착된 장치가 작동하지 않습니다. (0x1F)
11월 06, 2022 13:32:41.745 [13324:11196:1106/133241.744:ERROR:device_event_log_impl.cc(215)] [13:32:41.744] USB: usb_device_handle_win.cc:1048 Failed to read descriptor from node connection: 시스템에 부착된 장치가 작동하지 않습니다. (0x1F)
11월 06, 2022 13:33:39.354 [13324:16620:1106/133339.353:ERROR:util.cc(129)] Can't create base directory: C:\Program Files\Google\GoogleUpdater
11월 06, 2022 15:14:17.184 [15296:5876:1106/151417.183:ERROR:device_event_log_impl.cc(215)] [15:14:17.183] USB: usb_device_handle_win.cc:1048 Failed to read descriptor from node connection: 시스템에 부착된 장치가 작동하지 않습니다. (0x1F)
11월 06, 2022 15:14:17.191 [15296:5876:1106/151417.191:ERROR:device_event_log_impl.cc(215)] [15:14:17.191] USB: usb_device_handle_win.cc:1048 Failed to read descriptor from node connection: 시스템에 부착된 장치가 작동하지 않습니다. (0x1F)
11월 06, 2022 15:14:17.191 [15296:5876:1106/151417.191:ERROR:device_event_log_impl.cc(215)] [15:14:17.191] USB: usb_device_handle_win.cc:1048 Failed to read descriptor from node connection: 시스템에 부착된 장치가 작동하지 않습니다. (0x1F)
11월 06, 2022 15:15:15.83 [15296:6280:1106/151515.083:ERROR:util.cc(129)] Can't create base directory: C:\Program Files\Google\GoogleUpdater
11월 06, 2022 15:17:41.358 [14344:572:1106/151741.358:ERROR:device_event_log_impl.cc(215)] [15:17:41.358] USB: usb_device_handle_win.cc:1048 Failed to read descriptor from node connection: 시스템에 부착된 장치가 작동하지 않습니다. (0x1F)
11월 06, 2022 15:17:41.366 [14344:572:1106/151741.365:ERROR:device_event_log_impl.cc(215)] [15:17:41.365] USB: usb_device_handle_win.cc:1048 Failed to read descriptor from node connection: 시스템에 부착된 장치가 작동하지 않습니다. (0x1F)
11월 06, 2022 15:17:41.366 [14344:572:1106/151741.365:ERROR:device_event_log_impl.cc(215)] [15:17:41.365] USB: usb_device_handle_win.cc:1048 Failed to read descriptor from node connection: 시스템에 부착된 장치가 작동하지 않습니다. (0x1F)
11월 06, 2022 15:18:39.113 [14344:14592:1106/151839.113:ERROR:util.cc(129)] Can't create base directory: C:\Program Files\Google\GoogleUpdater
11월 06, 2022 15:19:31.968 [libprotobuf ERROR ..\..\third_party\protobuf\src\google\protobuf\message_lite.cc:133] Can't parse message of type "safe_browsing.ClientDownloadRequest" because it is missing required fields: (cannot determine missing fields for lite message)
11월 06, 2022 15:52:25.64 [8400:1820:1106/155225.063:ERROR:device_event_log_impl.cc(215)] [15:52:25.063] USB: usb_device_handle_win.cc:1048 Failed to read descriptor from node connection: 시스템에 부착된 장치가 작동하지 않습니다. (0x1F)
11월 06, 2022 15:52:25.71 [8400:1820:1106/155225.071:ERROR:device_event_log_impl.cc(215)] [15:52:25.070] USB: usb_device_handle_win.cc:1048 Failed to read descriptor from node connection: 시스템에 부착된 장치가 작동하지 않습니다. (0x1F)
11월 06, 2022 15:52:25.71 [8400:1820:1106/155225.071:ERROR:device_event_log_impl.cc(215)] [15:52:25.070] USB: usb_device_handle_win.cc:1048 Failed to read descriptor from node connection: 시스템에 부착된 장치가 작동하지 않습니다. (0x1F)
11월 06, 2022 15:53:22.670 [8400:8152:1106/155322.670:ERROR:util.cc(129)] Can't create base directory: C:\Program Files\Google\GoogleUpdater
11월 06, 2022 15:55:36.672 [8688:3284:1106/155536.672:ERROR:device_event_log_impl.cc(215)] [15:55:36.672] USB: usb_device_handle_win.cc:1048 Failed to read descriptor from node connection: 시스템에 부착된 장치가 작동하지 않습니다. (0x1F)
11월 06, 2022 15:55:36.680 [8688:3284:1106/155536.680:ERROR:device_event_log_impl.cc(215)] [15:55:36.679] USB: usb_device_handle_win.cc:1048 Failed to read descriptor from node connection: 시스템에 부착된 장치가 작동하지 않습니다. (0x1F)
11월 06, 2022 15:55:36.680 [8688:3284:1106/155536.680:ERROR:device_event_log_impl.cc(215)] [15:55:36.680] USB: usb_device_handle_win.cc:1048 Failed to read descriptor from node connection: 시스템에 부착된 장치가 작동하지 않습니다. (0x1F)
11월 06, 2022 15:56:28.847 [4484:3304:1106/155628.847:ERROR:device_event_log_impl.cc(215)] [15:56:28.847] USB: usb_device_handle_win.cc:1048 Failed to read descriptor from node connection: 시스템에 부착된 장치가 작동하지 않습니다. (0x1F)
11월 06, 2022 15:56:28.855 [4484:3304:1106/155628.855:ERROR:device_event_log_impl.cc(215)] [15:56:28.855] USB: usb_device_handle_win.cc:1048 Failed to read descriptor from node connection: 시스템에 부착된 장치가 작동하지 않습니다. (0x1F)
11월 06, 2022 15:56:28.856 [4484:3304:1106/155628.855:ERROR:device_event_log_impl.cc(215)] [15:56:28.855] USB: usb_device_handle_win.cc:1048 Failed to read descriptor from node connection: 시스템에 부착된 장치가 작동하지 않습니다. (0x1F)
11월 06, 2022 15:57:26.466 [4484:8344:1106/155726.466:ERROR:util.cc(129)] Can't create base directory: C:\Program Files\Google\GoogleUpdater
11월 06, 2022 16:00:25.600 [17036:16708:1106/160025.600:ERROR:device_event_log_impl.cc(215)] [16:00:25.600] USB: usb_device_handle_win.cc:1048 Failed to read descriptor from node connection: 시스템에 부착된 장치가 작동하지 않습니다. (0x1F)
11월 06, 2022 16:00:25.608 [17036:16708:1106/160025.608:ERROR:device_event_log_impl.cc(215)] [16:00:25.608] USB: usb_device_handle_win.cc:1048 Failed to read descriptor from node connection: 시스템에 부착된 장치가 작동하지 않습니다. (0x1F)
11월 06, 2022 16:00:25.608 [17036:16708:1106/160025.608:ERROR:device_event_log_impl.cc(215)] [16:00:25.608] USB: usb_device_handle_win.cc:1048 Failed to read descriptor from node connection: 시스템에 부착된 장치가 작동하지 않습니다. (0x1F)
11월 06, 2022 16:01:23.513 [17036:8940:1106/160123.512:ERROR:util.cc(129)] Can't create base directory: C:\Program Files\Google\GoogleUpdater

11월 08, 2022 10:01:32.875 NEW SESSION
11월 08, 2022 10:01:32.876 [17380:4348:1108/100132.874:ERROR:device_event_log_impl.cc(215)] [10:01:32.875] USB: usb_device_handle_win.cc:1048 Failed to read descriptor from node connection: 시스템에 부착된 장치가 작동하지 않습니다. (0x1F)
11월 08, 2022 10:01:32.880 [17380:4348:1108/100132.880:ERROR:device_event_log_impl.cc(215)] [10:01:32.880] USB: usb_device_handle_win.cc:1048 Failed to read descriptor from node connection: 시스템에 부착된 장치가 작동하지 않습니다. (0x1F)
11월 08, 2022 10:01:32.880 [17380:4348:1108/100132.880:ERROR:device_event_log_impl.cc(215)] [10:01:32.880] USB: usb_device_handle_win.cc:1048 Failed to read descriptor from node connection: 시스템에 부착된 장치가 작동하지 않습니다. (0x1F)

11월 08, 2022 10:02:07.668 NEW SESSION
11월 08, 2022 10:02:07.668 [5176:10744:1108/100207.667:ERROR:device_event_log_impl.cc(215)] [10:02:07.668] USB: usb_device_handle_win.cc:1048 Failed to read descriptor from node connection: 시스템에 부착된 장치가 작동하지 않습니다. (0x1F)
11월 08, 2022 10:02:07.673 [5176:10744:1108/100207.673:ERROR:device_event_log_impl.cc(215)] [10:02:07.673] USB: usb_device_handle_win.cc:1048 Failed to read descriptor from node connection: 시스템에 부착된 장치가 작동하지 않습니다. (0x1F)
11월 08, 2022 10:02:07.673 [5176:10744:1108/100207.673:ERROR:device_event_log_impl.cc(215)] [10:02:07.673] USB: usb_device_handle_win.cc:1048 Failed to read descriptor from node connection: 시스템에 부착된 장치가 작동하지 않습니다. (0x1F)
11월 08, 2022 10:06:30.589 [10584:7944:1108/100630.589:ERROR:device_event_log_impl.cc(215)] [10:06:30.590] USB: usb_device_handle_win.cc:1048 Failed to read descriptor from node connection: 시스템에 부착된 장치가 작동하지 않습니다. (0x1F)
11월 08, 2022 10:06:30.595 [10584:7944:1108/100630.595:ERROR:device_event_log_impl.cc(215)] [10:06:30.595] USB: usb_device_handle_win.cc:1048 Failed to read descriptor from node connection: 시스템에 부착된 장치가 작동하지 않습니다. (0x1F)
11월 08, 2022 10:06:30.595 [10584:7944:1108/100630.595:ERROR:device_event_log_impl.cc(215)] [10:06:30.595] USB: usb_device_handle_win.cc:1048 Failed to read descriptor from node connection: 시스템에 부착된 장치가 작동하지 않습니다. (0x1F)
11월 08, 2022 10:09:10.907 [10400:11148:1108/100910.907:ERROR:device_event_log_impl.cc(215)] [10:09:10.907] USB: usb_device_handle_win.cc:1048 Failed to read descriptor from node connection: 시스템에 부착된 장치가 작동하지 않습니다. (0x1F)
11월 08, 2022 10:09:10.914 [10400:11148:1108/100910.912:ERROR:device_event_log_impl.cc(215)] [10:09:10.913] USB: usb_device_handle_win.cc:1048 Failed to read descriptor from node connection: 시스템에 부착된 장치가 작동하지 않습니다. (0x1F)
11월 08, 2022 10:09:10.914 [10400:11148:1108/100910.912:ERROR:device_event_log_impl.cc(215)] [10:09:10.913] USB: usb_device_handle_win.cc:1048 Failed to read descriptor from node connection: 시스템에 부착된 장치가 작동하지 않습니다. (0x1F)
11월 08, 2022 10:10:08.950 [10400:6980:1108/101008.949:ERROR:util.cc(129)] Can't create base directory: C:\Program Files\Google\GoogleUpdater
